Using pre-set license
Built from '2020.2/staging' branch; Version is '2020.2.6f1 (8a2143876886) revision 9052483'; Using compiler version '192528614'; Build Type 'Release'
OS: 'Windows 10 Pro; OS build 22000.258; Version 2009; 64bit' Language: 'en' Physical Memory: 8097 MB
BatchMode: 1, IsHumanControllingUs: 0, StartBugReporterOnCrash: 0, Is64bit: 1, IsPro: 0

 COMMAND LINE ARGUMENTS:
C:\Users\GENYSIS\Documents\UNITY 2020\New folder\Unity\Editor\Unity.exe
-adb2
-batchMode
-noUpm
-name
AssetImportWorker0
-projectPath
C:/Users/GENYSIS/Documents/UNITY PROJECTS/New Unity Project 2D
-logFile
Logs/AssetImportWorker0.log
-srvPort
56934
Successfully changed project path to: C:/Users/GENYSIS/Documents/UNITY PROJECTS/New Unity Project 2D
C:/Users/GENYSIS/Documents/UNITY PROJECTS/New Unity Project 2D
Using Asset Import Pipeline V2.
Refreshing native plugins compatible for Editor in 70.70 ms, found 1 plugins.
Preloading 0 native plugins for Editor in 0.00 ms.
Initialize engine version: 2020.2.6f1 (8a2143876886)
[Subsystems] Discovering subsystems at path C:/Users/GENYSIS/Documents/UNITY 2020/New folder/Unity/Editor/Data/Resources/UnitySubsystems
[Subsystems] Discovering subsystems at path C:/Users/GENYSIS/Documents/UNITY PROJECTS/New Unity Project 2D/Assets
GfxDevice: creating device client; threaded=0
Direct3D:
    Version:  Direct3D 11.0 [level 11.1]
    Renderer: AMD Radeon HD 8690M (ID=0x6660)
    Vendor:   
    VRAM:     2036 MB
    Driver:   15.201.1101.0
Initialize mono
Mono path[0] = 'C:/Users/GENYSIS/Documents/UNITY 2020/New folder/Unity/Editor/Data/Managed'
Mono path[1] = 'C:/Users/GENYSIS/Documents/UNITY 2020/New folder/Unity/Editor/Data/MonoBleedingEdge/lib/mono/unityjit'
Mono config path = 'C:/Users/GENYSIS/Documents/UNITY 2020/New folder/Unity/Editor/Data/MonoBleedingEdge/etc'
Using monoOptions --debugger-agent=transport=dt_socket,embedding=1,server=y,suspend=n,address=127.0.0.1:56576
Begin MonoManager ReloadAssembly
Registering precompiled unity dll's ...
Register platform support module: C:/Users/GENYSIS/Documents/UNITY 2020/New folder/Unity/Editor/Data/PlaybackEngines/WindowsStandaloneSupport/UnityEditor.WindowsStandalone.Extensions.dll
Registered in 0.001967 seconds.
Native extension for WindowsStandalone target not found
Refreshing native plugins compatible for Editor in 73.01 ms, found 1 plugins.
Preloading 0 native plugins for Editor in 0.00 ms.
Invoked RoslynAnalysisRunner static constructor.
RoslynAnalysisRunner will not be running.
RoslynAnalysisRunner has terminated.
Mono: successfully reloaded assembly
- Completed reload, in  1.978 seconds
Platform modules already initialized, skipping
Registering precompiled user dll's ...
Registered in 0.001230 seconds.
Begin MonoManager ReloadAssembly
Native extension for WindowsStandalone target not found
Refreshing native plugins compatible for Editor in 95.57 ms, found 1 plugins.
Preloading 0 native plugins for Editor in 0.00 ms.
Invoked RoslynAnalysisRunner static constructor.
RoslynAnalysisRunner will not be running.
RoslynAnalysisRunner has terminated.
Mono: successfully reloaded assembly
- Completed reload, in  2.203 seconds
Platform modules already initialized, skipping
========================================================================
Worker process is ready to serve import requests
Launched and connected shader compiler UnityShaderCompiler.exe after 0.07 seconds
Refreshing native plugins compatible for Editor in 1.42 ms, found 1 plugins.
Preloading 0 native plugins for Editor in 0.00 ms.
Unloading 1948 Unused Serialized files (Serialized files now loaded: 0)
System memory in use before: 89.7 MB.
System memory in use after: 89.8 MB.

Unloading 20 unused Assets to reduce memory usage. Loaded Objects now: 2395.
Total: 6.764300 ms (FindLiveObjects: 0.434700 ms CreateObjectMapping: 0.156000 ms MarkObjects: 6.039700 ms  DeleteObjects: 0.130900 ms)

========================================================================
Received Import Request.
  path: Assets/Scenes/SampleScene.unity
  artifactKey: Guid(2cda990e2423bbf4892e6590ba056729) Importer(815301076,1909f56bfc062723c751e8b465ee728b)
Start importing Assets/Scenes/SampleScene.unity using Guid(2cda990e2423bbf4892e6590ba056729) Importer(815301076,1909f56bfc062723c751e8b465ee728b)  -> (artifact id: '599b9418f3e37417ddedeb9db0c3ee4f') in 0.056515 seconds
  Import took 0.064429 seconds .

========================================================================
Received Prepare
Registering precompiled user dll's ...
Registered in 0.001040 seconds.
Begin MonoManager ReloadAssembly
Native extension for WindowsStandalone target not found
Refreshing native plugins compatible for Editor in 0.41 ms, found 1 plugins.
Preloading 0 native plugins for Editor in 0.00 ms.
Invoked RoslynAnalysisRunner static constructor.
RoslynAnalysisRunner will not be running.
RoslynAnalysisRunner has terminated.
Mono: successfully reloaded assembly
- Completed reload, in  1.232 seconds
Platform modules already initialized, skipping
Refreshing native plugins compatible for Editor in 0.64 ms, found 1 plugins.
Preloading 0 native plugins for Editor in 0.00 ms.
Unloading 1937 Unused Serialized files (Serialized files now loaded: 0)
System memory in use before: 89.2 MB.
System memory in use after: 89.4 MB.

Unloading 9 unused Assets to reduce memory usage. Loaded Objects now: 2397.
Total: 2.584900 ms (FindLiveObjects: 0.246300 ms CreateObjectMapping: 0.089300 ms MarkObjects: 2.223400 ms  DeleteObjects: 0.024000 ms)

========================================================================
Received Prepare
Registering precompiled user dll's ...
Registered in 0.541702 seconds.
Begin MonoManager ReloadAssembly
Native extension for WindowsStandalone target not found
Refreshing native plugins compatible for Editor in 0.52 ms, found 1 plugins.
Preloading 0 native plugins for Editor in 0.00 ms.
Invoked RoslynAnalysisRunner static constructor.
RoslynAnalysisRunner will not be running.
RoslynAnalysisRunner has terminated.
Mono: successfully reloaded assembly
- Completed reload, in  1.269 seconds
Platform modules already initialized, skipping
Refreshing native plugins compatible for Editor in 0.74 ms, found 1 plugins.
Preloading 0 native plugins for Editor in 0.00 ms.
Unloading 1937 Unused Serialized files (Serialized files now loaded: 0)
System memory in use before: 89.3 MB.
System memory in use after: 89.4 MB.

Unloading 9 unused Assets to reduce memory usage. Loaded Objects now: 2399.
Total: 4.485800 ms (FindLiveObjects: 0.352700 ms CreateObjectMapping: 0.428500 ms MarkObjects: 3.670400 ms  DeleteObjects: 0.031800 ms)

========================================================================
Received Prepare
Registering precompiled user dll's ...
Registered in 0.001588 seconds.
Begin MonoManager ReloadAssembly
Native extension for WindowsStandalone target not found
Refreshing native plugins compatible for Editor in 0.61 ms, found 1 plugins.
Preloading 0 native plugins for Editor in 0.00 ms.
Invoked RoslynAnalysisRunner static constructor.
RoslynAnalysisRunner will not be running.
RoslynAnalysisRunner has terminated.
Mono: successfully reloaded assembly
- Completed reload, in  1.208 seconds
Platform modules already initialized, skipping
Refreshing native plugins compatible for Editor in 0.75 ms, found 1 plugins.
Preloading 0 native plugins for Editor in 0.00 ms.
Unloading 1937 Unused Serialized files (Serialized files now loaded: 0)
System memory in use before: 89.3 MB.
System memory in use after: 89.4 MB.

Unloading 9 unused Assets to reduce memory usage. Loaded Objects now: 2401.
Total: 5.322600 ms (FindLiveObjects: 0.415200 ms CreateObjectMapping: 0.123200 ms MarkObjects: 4.724100 ms  DeleteObjects: 0.040800 ms)

========================================================================
Received Prepare
Registering precompiled user dll's ...
Registered in 0.001038 seconds.
Begin MonoManager ReloadAssembly
Native extension for WindowsStandalone target not found
Refreshing native plugins compatible for Editor in 1.21 ms, found 1 plugins.
Preloading 0 native plugins for Editor in 0.00 ms.
Invoked RoslynAnalysisRunner static constructor.
RoslynAnalysisRunner will not be running.
RoslynAnalysisRunner has terminated.
Mono: successfully reloaded assembly
- Completed reload, in  1.454 seconds
Platform modules already initialized, skipping
Refreshing native plugins compatible for Editor in 0.45 ms, found 1 plugins.
Preloading 0 native plugins for Editor in 0.00 ms.
Unloading 1937 Unused Serialized files (Serialized files now loaded: 0)
System memory in use before: 89.3 MB.
System memory in use after: 89.4 MB.

Unloading 9 unused Assets to reduce memory usage. Loaded Objects now: 2403.
Total: 5.334500 ms (FindLiveObjects: 0.337300 ms CreateObjectMapping: 0.137600 ms MarkObjects: 4.828200 ms  DeleteObjects: 0.028800 ms)

========================================================================
Received Prepare
Registering precompiled user dll's ...
Registered in 0.001064 seconds.
Begin MonoManager ReloadAssembly
Native extension for WindowsStandalone target not found
Refreshing native plugins compatible for Editor in 0.43 ms, found 1 plugins.
Preloading 0 native plugins for Editor in 0.00 ms.
Invoked RoslynAnalysisRunner static constructor.
RoslynAnalysisRunner will not be running.
RoslynAnalysisRunner has terminated.
Mono: successfully reloaded assembly
- Completed reload, in  1.295 seconds
Platform modules already initialized, skipping
Refreshing native plugins compatible for Editor in 0.41 ms, found 1 plugins.
Preloading 0 native plugins for Editor in 0.00 ms.
Unloading 1937 Unused Serialized files (Serialized files now loaded: 0)
System memory in use before: 89.3 MB.
System memory in use after: 89.4 MB.

Unloading 9 unused Assets to reduce memory usage. Loaded Objects now: 2405.
Total: 3.411300 ms (FindLiveObjects: 0.304700 ms CreateObjectMapping: 0.200300 ms MarkObjects: 2.876100 ms  DeleteObjects: 0.028400 ms)

========================================================================
Received Prepare
Registering precompiled user dll's ...
Registered in 0.001218 seconds.
Begin MonoManager ReloadAssembly
Native extension for WindowsStandalone target not found
Refreshing native plugins compatible for Editor in 0.44 ms, found 1 plugins.
Preloading 0 native plugins for Editor in 0.00 ms.
Invoked RoslynAnalysisRunner static constructor.
RoslynAnalysisRunner will not be running.
RoslynAnalysisRunner has terminated.
Mono: successfully reloaded assembly
- Completed reload, in  1.295 seconds
Platform modules already initialized, skipping
Refreshing native plugins compatible for Editor in 0.44 ms, found 1 plugins.
Preloading 0 native plugins for Editor in 0.00 ms.
Unloading 1937 Unused Serialized files (Serialized files now loaded: 0)
System memory in use before: 89.3 MB.
System memory in use after: 89.4 MB.

Unloading 9 unused Assets to reduce memory usage. Loaded Objects now: 2407.
Total: 3.423100 ms (FindLiveObjects: 0.341900 ms CreateObjectMapping: 0.138300 ms MarkObjects: 2.911300 ms  DeleteObjects: 0.028900 ms)

========================================================================
Received Prepare
Registering precompiled user dll's ...
Registered in 0.001594 seconds.
Begin MonoManager ReloadAssembly
Native extension for WindowsStandalone target not found
Refreshing native plugins compatible for Editor in 0.47 ms, found 1 plugins.
Preloading 0 native plugins for Editor in 0.00 ms.
Invoked RoslynAnalysisRunner static constructor.
RoslynAnalysisRunner will not be running.
RoslynAnalysisRunner has terminated.
Mono: successfully reloaded assembly
- Completed reload, in  1.312 seconds
Platform modules already initialized, skipping
Refreshing native plugins compatible for Editor in 0.78 ms, found 1 plugins.
Preloading 0 native plugins for Editor in 0.00 ms.
Unloading 1937 Unused Serialized files (Serialized files now loaded: 0)
System memory in use before: 89.3 MB.
System memory in use after: 89.5 MB.

Unloading 9 unused Assets to reduce memory usage. Loaded Objects now: 2409.
Total: 2.607800 ms (FindLiveObjects: 0.379700 ms CreateObjectMapping: 0.129400 ms MarkObjects: 2.073000 ms  DeleteObjects: 0.023600 ms)

========================================================================
Received Prepare
Registering precompiled user dll's ...
Registered in 0.001195 seconds.
Begin MonoManager ReloadAssembly
Native extension for WindowsStandalone target not found
Refreshing native plugins compatible for Editor in 0.46 ms, found 1 plugins.
Preloading 0 native plugins for Editor in 0.00 ms.
Invoked RoslynAnalysisRunner static constructor.
RoslynAnalysisRunner will not be running.
RoslynAnalysisRunner has terminated.
Mono: successfully reloaded assembly
- Completed reload, in  1.310 seconds
Platform modules already initialized, skipping
Refreshing native plugins compatible for Editor in 0.82 ms, found 1 plugins.
Preloading 0 native plugins for Editor in 0.00 ms.
Unloading 1937 Unused Serialized files (Serialized files now loaded: 0)
System memory in use before: 89.4 MB.
System memory in use after: 89.5 MB.

Unloading 9 unused Assets to reduce memory usage. Loaded Objects now: 2411.
Total: 4.097600 ms (FindLiveObjects: 0.345000 ms CreateObjectMapping: 0.109200 ms MarkObjects: 3.608100 ms  DeleteObjects: 0.033100 ms)

========================================================================
Received Prepare
Registering precompiled user dll's ...
Registered in 0.002635 seconds.
Begin MonoManager ReloadAssembly
Native extension for WindowsStandalone target not found
Refreshing native plugins compatible for Editor in 1.06 ms, found 1 plugins.
Preloading 0 native plugins for Editor in 0.00 ms.
Invoked RoslynAnalysisRunner static constructor.
RoslynAnalysisRunner will not be running.
RoslynAnalysisRunner has terminated.
Mono: successfully reloaded assembly
- Completed reload, in  2.688 seconds
Platform modules already initialized, skipping
Refreshing native plugins compatible for Editor in 1.00 ms, found 1 plugins.
Preloading 0 native plugins for Editor in 0.00 ms.
Unloading 1937 Unused Serialized files (Serialized files now loaded: 0)
System memory in use before: 89.4 MB.
System memory in use after: 89.5 MB.

Unloading 9 unused Assets to reduce memory usage. Loaded Objects now: 2413.
Total: 3.655900 ms (FindLiveObjects: 0.303700 ms CreateObjectMapping: 0.160900 ms MarkObjects: 3.153700 ms  DeleteObjects: 0.034600 ms)

========================================================================
Received Prepare
Registering precompiled user dll's ...
Registered in 0.002966 seconds.
Begin MonoManager ReloadAssembly
Native extension for WindowsStandalone target not found
Refreshing native plugins compatible for Editor in 0.44 ms, found 1 plugins.
Preloading 0 native plugins for Editor in 0.00 ms.
Invoked RoslynAnalysisRunner static constructor.
RoslynAnalysisRunner will not be running.
RoslynAnalysisRunner has terminated.
Mono: successfully reloaded assembly
- Completed reload, in  1.287 seconds
Platform modules already initialized, skipping
Refreshing native plugins compatible for Editor in 0.59 ms, found 1 plugins.
Preloading 0 native plugins for Editor in 0.00 ms.
Unloading 1937 Unused Serialized files (Serialized files now loaded: 0)
System memory in use before: 89.4 MB.
System memory in use after: 89.5 MB.

Unloading 9 unused Assets to reduce memory usage. Loaded Objects now: 2415.
Total: 3.986700 ms (FindLiveObjects: 0.344500 ms CreateObjectMapping: 0.130700 ms MarkObjects: 3.476200 ms  DeleteObjects: 0.032300 ms)

========================================================================
Received Prepare
Registering precompiled user dll's ...
Registered in 0.001621 seconds.
Begin MonoManager ReloadAssembly
Native extension for WindowsStandalone target not found
Refreshing native plugins compatible for Editor in 0.48 ms, found 1 plugins.
Preloading 0 native plugins for Editor in 0.00 ms.
Invoked RoslynAnalysisRunner static constructor.
RoslynAnalysisRunner will not be running.
RoslynAnalysisRunner has terminated.
Mono: successfully reloaded assembly
- Completed reload, in  1.170 seconds
Platform modules already initialized, skipping
Refreshing native plugins compatible for Editor in 0.64 ms, found 1 plugins.
Preloading 0 native plugins for Editor in 0.00 ms.
Unloading 1937 Unused Serialized files (Serialized files now loaded: 0)
System memory in use before: 89.4 MB.
System memory in use after: 89.5 MB.

Unloading 9 unused Assets to reduce memory usage. Loaded Objects now: 2417.
Total: 3.932100 ms (FindLiveObjects: 0.222000 ms CreateObjectMapping: 0.092900 ms MarkObjects: 3.589800 ms  DeleteObjects: 0.025600 ms)

========================================================================
Received Import Request.
  Time since last request: 3106.621216 seconds.
  path: Assets/Scenes/SampleScene.unity
  artifactKey: Guid(2cda990e2423bbf4892e6590ba056729) Importer(815301076,1909f56bfc062723c751e8b465ee728b)
Start importing Assets/Scenes/SampleScene.unity using Guid(2cda990e2423bbf4892e6590ba056729) Importer(815301076,1909f56bfc062723c751e8b465ee728b)  -> (artifact id: 'c92ac320a55fac8e8601467deb9555e0') in 0.036154 seconds
  Import took 0.045982 seconds .

========================================================================
Received Prepare
Registering precompiled user dll's ...
Registered in 0.001050 seconds.
Begin MonoManager ReloadAssembly
Native extension for WindowsStandalone target not found
Refreshing native plugins compatible for Editor in 0.42 ms, found 1 plugins.
Preloading 0 native plugins for Editor in 0.00 ms.
Invoked RoslynAnalysisRunner static constructor.
RoslynAnalysisRunner will not be running.
RoslynAnalysisRunner has terminated.
Mono: successfully reloaded assembly
- Completed reload, in  1.137 seconds
Platform modules already initialized, skipping
Refreshing native plugins compatible for Editor in 0.72 ms, found 1 plugins.
Preloading 0 native plugins for Editor in 0.00 ms.
Unloading 1937 Unused Serialized files (Serialized files now loaded: 0)
System memory in use before: 89.4 MB.
System memory in use after: 89.5 MB.

Unloading 9 unused Assets to reduce memory usage. Loaded Objects now: 2419.
Total: 3.817600 ms (FindLiveObjects: 0.204800 ms CreateObjectMapping: 0.089800 ms MarkObjects: 3.491300 ms  DeleteObjects: 0.029900 ms)

========================================================================
Received Import Request.
  Time since last request: 59.632089 seconds.
  path: Assets/Scenes/Level 0.unity
  artifactKey: Guid(403ba19a217667d42874247bb3d5cd33) Importer(815301076,1909f56bfc062723c751e8b465ee728b)
Start importing Assets/Scenes/Level 0.unity using Guid(403ba19a217667d42874247bb3d5cd33) Importer(815301076,1909f56bfc062723c751e8b465ee728b)  -> (artifact id: '30f5251f0187756f726dcaa3961a3c2e') in 0.094116 seconds
  Import took 0.099549 seconds .

========================================================================
Received Import Request.
  Time since last request: 18.851849 seconds.
  path: Assets/Scenes/SampleScene.unity
  artifactKey: Guid(2cda990e2423bbf4892e6590ba056729) Importer(815301076,1909f56bfc062723c751e8b465ee728b)
Start importing Assets/Scenes/SampleScene.unity using Guid(2cda990e2423bbf4892e6590ba056729) Importer(815301076,1909f56bfc062723c751e8b465ee728b)  -> (artifact id: 'c1abf505b95844de8958ab7cd61abe3a') in 0.010221 seconds
  Import took 0.025113 seconds .

========================================================================
Received Import Request.
  Time since last request: 64.903909 seconds.
  path: Assets/Scenes/SampleScene.unity
  artifactKey: Guid(2cda990e2423bbf4892e6590ba056729) Importer(815301076,1909f56bfc062723c751e8b465ee728b)
Start importing Assets/Scenes/SampleScene.unity using Guid(2cda990e2423bbf4892e6590ba056729) Importer(815301076,1909f56bfc062723c751e8b465ee728b)  -> (artifact id: '6936462ce552b7267894c49edd589991') in 0.014635 seconds
  Import took 0.027394 seconds .

========================================================================
Received Import Request.
  Time since last request: 66.162542 seconds.
  path: Assets/Scenes/SampleScene.unity
  artifactKey: Guid(2cda990e2423bbf4892e6590ba056729) Importer(815301076,1909f56bfc062723c751e8b465ee728b)
Start importing Assets/Scenes/SampleScene.unity using Guid(2cda990e2423bbf4892e6590ba056729) Importer(815301076,1909f56bfc062723c751e8b465ee728b)  -> (artifact id: '050d0a1118ca84ad71967bdfb16c5a28') in 0.011967 seconds
  Import took 0.020166 seconds .

========================================================================
Received Import Request.
  Time since last request: 108.218023 seconds.
  path: Assets/Scenes/SampleScene.unity
  artifactKey: Guid(403ba19a217667d42874247bb3d5cd33) Importer(815301076,1909f56bfc062723c751e8b465ee728b)
Start importing Assets/Scenes/SampleScene.unity using Guid(403ba19a217667d42874247bb3d5cd33) Importer(815301076,1909f56bfc062723c751e8b465ee728b)  -> (artifact id: '1aa91bb129c3a2e3b0404e2614f8842d') in 0.004809 seconds
  Import took 0.012713 seconds .

========================================================================
Received Import Request.
  Time since last request: 14.027870 seconds.
  path: Assets/Scenes/SampleScene.unity
  artifactKey: Guid(403ba19a217667d42874247bb3d5cd33) Importer(815301076,1909f56bfc062723c751e8b465ee728b)
Start importing Assets/Scenes/SampleScene.unity using Guid(403ba19a217667d42874247bb3d5cd33) Importer(815301076,1909f56bfc062723c751e8b465ee728b)  -> (artifact id: 'bf76656553bf0a8e4a098e257c48df08') in 0.008983 seconds
  Import took 0.015160 seconds .

========================================================================
Received Prepare
Registering precompiled user dll's ...
Registered in 0.001090 seconds.
Begin MonoManager ReloadAssembly
Native extension for WindowsStandalone target not found
Refreshing native plugins compatible for Editor in 0.44 ms, found 1 plugins.
Preloading 0 native plugins for Editor in 0.00 ms.
Invoked RoslynAnalysisRunner static constructor.
RoslynAnalysisRunner will not be running.
RoslynAnalysisRunner has terminated.
Mono: successfully reloaded assembly
- Completed reload, in  1.091 seconds
Platform modules already initialized, skipping
Refreshing native plugins compatible for Editor in 0.42 ms, found 1 plugins.
Preloading 0 native plugins for Editor in 0.00 ms.
Unloading 1937 Unused Serialized files (Serialized files now loaded: 0)
System memory in use before: 89.4 MB.
System memory in use after: 89.5 MB.

Unloading 9 unused Assets to reduce memory usage. Loaded Objects now: 2421.
Total: 3.519400 ms (FindLiveObjects: 0.213000 ms CreateObjectMapping: 0.092600 ms MarkObjects: 3.188500 ms  DeleteObjects: 0.023700 ms)

========================================================================
Received Import Request.
  Time since last request: 138.911942 seconds.
  path: Assets/Scenes/SampleScene.unity
  artifactKey: Guid(75e8e090994a598498bcbfb4425e3a35) Importer(815301076,1909f56bfc062723c751e8b465ee728b)
Start importing Assets/Scenes/SampleScene.unity using Guid(75e8e090994a598498bcbfb4425e3a35) Importer(815301076,1909f56bfc062723c751e8b465ee728b)  -> (artifact id: 'd78673a75d44bb58d805ccf09a099a40') in 0.033671 seconds
  Import took 0.039465 seconds .

========================================================================
Received Import Request.
  Time since last request: 8004.522039 seconds.
  path: Assets/Scenes/Level 1.unity
  artifactKey: Guid(4001e04f09d51af41a6e9ab97c6f6bde) Importer(815301076,1909f56bfc062723c751e8b465ee728b)
Start importing Assets/Scenes/Level 1.unity using Guid(4001e04f09d51af41a6e9ab97c6f6bde) Importer(815301076,1909f56bfc062723c751e8b465ee728b)  -> (artifact id: '5730b1fa8d87a5068eb71f6a3830b885') in 0.036698 seconds
  Import took 0.066940 seconds .

========================================================================
Received Prepare
Registering precompiled user dll's ...
Registered in 0.001445 seconds.
Begin MonoManager ReloadAssembly
Native extension for WindowsStandalone target not found
Refreshing native plugins compatible for Editor in 0.48 ms, found 1 plugins.
Preloading 0 native plugins for Editor in 0.00 ms.
Invoked RoslynAnalysisRunner static constructor.
RoslynAnalysisRunner will not be running.
RoslynAnalysisRunner has terminated.
Mono: successfully reloaded assembly
- Completed reload, in  1.519 seconds
Platform modules already initialized, skipping
Refreshing native plugins compatible for Editor in 0.61 ms, found 1 plugins.
Preloading 0 native plugins for Editor in 0.00 ms.
Unloading 1937 Unused Serialized files (Serialized files now loaded: 0)
System memory in use before: 89.4 MB.
System memory in use after: 89.5 MB.

Unloading 9 unused Assets to reduce memory usage. Loaded Objects now: 2423.
Total: 5.266800 ms (FindLiveObjects: 0.388700 ms CreateObjectMapping: 0.319000 ms MarkObjects: 4.529600 ms  DeleteObjects: 0.027300 ms)

========================================================================
Received Prepare
Registering precompiled user dll's ...
Registered in 0.001877 seconds.
Begin MonoManager ReloadAssembly
Native extension for WindowsStandalone target not found
Refreshing native plugins compatible for Editor in 0.80 ms, found 1 plugins.
Preloading 0 native plugins for Editor in 0.00 ms.
Invoked RoslynAnalysisRunner static constructor.
RoslynAnalysisRunner will not be running.
RoslynAnalysisRunner has terminated.
Mono: successfully reloaded assembly
- Completed reload, in  1.747 seconds
Platform modules already initialized, skipping
Refreshing native plugins compatible for Editor in 0.45 ms, found 1 plugins.
Preloading 0 native plugins for Editor in 0.00 ms.
Unloading 1937 Unused Serialized files (Serialized files now loaded: 0)
System memory in use before: 89.4 MB.
System memory in use after: 89.6 MB.

Unloading 9 unused Assets to reduce memory usage. Loaded Objects now: 2425.
Total: 3.789300 ms (FindLiveObjects: 0.424800 ms CreateObjectMapping: 0.113700 ms MarkObjects: 3.224800 ms  DeleteObjects: 0.022200 ms)

========================================================================
Received Prepare
Registering precompiled user dll's ...
Registered in 0.001071 seconds.
Begin MonoManager ReloadAssembly
Native extension for WindowsStandalone target not found
Refreshing native plugins compatible for Editor in 0.70 ms, found 1 plugins.
Preloading 0 native plugins for Editor in 0.00 ms.
Invoked RoslynAnalysisRunner static constructor.
RoslynAnalysisRunner will not be running.
RoslynAnalysisRunner has terminated.
Mono: successfully reloaded assembly
- Completed reload, in  1.476 seconds
Platform modules already initialized, skipping
Refreshing native plugins compatible for Editor in 0.70 ms, found 1 plugins.
Preloading 0 native plugins for Editor in 0.00 ms.
Unloading 1937 Unused Serialized files (Serialized files now loaded: 0)
System memory in use before: 89.5 MB.
System memory in use after: 89.6 MB.

Unloading 9 unused Assets to reduce memory usage. Loaded Objects now: 2427.
Total: 4.075400 ms (FindLiveObjects: 0.361900 ms CreateObjectMapping: 0.123300 ms MarkObjects: 3.557600 ms  DeleteObjects: 0.030100 ms)

========================================================================
Received Prepare
Registering precompiled user dll's ...
Registered in 0.001107 seconds.
Begin MonoManager ReloadAssembly
Native extension for WindowsStandalone target not found
Refreshing native plugins compatible for Editor in 0.41 ms, found 1 plugins.
Preloading 0 native plugins for Editor in 0.00 ms.
Invoked RoslynAnalysisRunner static constructor.
RoslynAnalysisRunner will not be running.
RoslynAnalysisRunner has terminated.
Mono: successfully reloaded assembly
- Completed reload, in  1.209 seconds
Platform modules already initialized, skipping
Refreshing native plugins compatible for Editor in 0.96 ms, found 1 plugins.
Preloading 0 native plugins for Editor in 0.00 ms.
Unloading 1937 Unused Serialized files (Serialized files now loaded: 0)
System memory in use before: 89.5 MB.
System memory in use after: 89.6 MB.

Unloading 9 unused Assets to reduce memory usage. Loaded Objects now: 2429.
Total: 4.456600 ms (FindLiveObjects: 0.403200 ms CreateObjectMapping: 0.136800 ms MarkObjects: 3.882200 ms  DeleteObjects: 0.031700 ms)

========================================================================
Received Import Request.
  Time since last request: 1253.950777 seconds.
  path: Assets/Scenes/SampleScene.unity
  artifactKey: Guid(75e8e090994a598498bcbfb4425e3a35) Importer(815301076,1909f56bfc062723c751e8b465ee728b)
Start importing Assets/Scenes/SampleScene.unity using Guid(75e8e090994a598498bcbfb4425e3a35) Importer(815301076,1909f56bfc062723c751e8b465ee728b)  -> (artifact id: '1a2ac52f327291439584de095c068637') in 0.031644 seconds
  Import took 0.036148 seconds .

========================================================================
Received Import Request.
  Time since last request: 7.431583 seconds.
  path: Assets/Scenes/Level 1.unity
  artifactKey: Guid(4001e04f09d51af41a6e9ab97c6f6bde) Importer(815301076,1909f56bfc062723c751e8b465ee728b)
Start importing Assets/Scenes/Level 1.unity using Guid(4001e04f09d51af41a6e9ab97c6f6bde) Importer(815301076,1909f56bfc062723c751e8b465ee728b)  -> (artifact id: 'c1030ce06180f22334e07ed26450e262') in 0.026873 seconds
  Import took 0.031524 seconds .

========================================================================
Received Prepare
Registering precompiled user dll's ...
Registered in 0.001282 seconds.
Begin MonoManager ReloadAssembly
Native extension for WindowsStandalone target not found
Refreshing native plugins compatible for Editor in 0.48 ms, found 1 plugins.
Preloading 0 native plugins for Editor in 0.00 ms.
Invoked RoslynAnalysisRunner static constructor.
RoslynAnalysisRunner will not be running.
RoslynAnalysisRunner has terminated.
Mono: successfully reloaded assembly
- Completed reload, in  1.081 seconds
Platform modules already initialized, skipping
Refreshing native plugins compatible for Editor in 0.81 ms, found 1 plugins.
Preloading 0 native plugins for Editor in 0.00 ms.
Unloading 1937 Unused Serialized files (Serialized files now loaded: 0)
System memory in use before: 89.5 MB.
System memory in use after: 89.6 MB.

Unloading 9 unused Assets to reduce memory usage. Loaded Objects now: 2431.
Total: 3.824800 ms (FindLiveObjects: 0.360500 ms CreateObjectMapping: 0.166200 ms MarkObjects: 3.267500 ms  DeleteObjects: 0.028100 ms)

========================================================================
Received Import Request.
  Time since last request: 260.677553 seconds.
  path: Assets/Scenes/Level 1.unity
  artifactKey: Guid(4001e04f09d51af41a6e9ab97c6f6bde) Importer(815301076,1909f56bfc062723c751e8b465ee728b)
Start importing Assets/Scenes/Level 1.unity using Guid(4001e04f09d51af41a6e9ab97c6f6bde) Importer(815301076,1909f56bfc062723c751e8b465ee728b)  -> (artifact id: 'c1d355d288743f6658ad2d274554cdd9') in 0.029964 seconds
  Import took 0.036743 seconds .

========================================================================
Received Import Request.
  Time since last request: 297.784340 seconds.
  path: Assets/Scenes/Level 2.unity
  artifactKey: Guid(2e2b73ed77405fc4c8ebef47a1c7516e) Importer(815301076,1909f56bfc062723c751e8b465ee728b)
Start importing Assets/Scenes/Level 2.unity using Guid(2e2b73ed77405fc4c8ebef47a1c7516e) Importer(815301076,1909f56bfc062723c751e8b465ee728b)  -> (artifact id: '58f746a07a147cf52b7e966867b36330') in 0.121719 seconds
  Import took 0.127139 seconds .

========================================================================
Received Prepare
Registering precompiled user dll's ...
Registered in 0.001113 seconds.
Begin MonoManager ReloadAssembly
Native extension for WindowsStandalone target not found
Refreshing native plugins compatible for Editor in 0.41 ms, found 1 plugins.
Preloading 0 native plugins for Editor in 0.00 ms.
Invoked RoslynAnalysisRunner static constructor.
RoslynAnalysisRunner will not be running.
RoslynAnalysisRunner has terminated.
Mono: successfully reloaded assembly
- Completed reload, in  1.160 seconds
Platform modules already initialized, skipping
Refreshing native plugins compatible for Editor in 0.66 ms, found 1 plugins.
Preloading 0 native plugins for Editor in 0.00 ms.
Unloading 1937 Unused Serialized files (Serialized files now loaded: 0)
System memory in use before: 89.5 MB.
System memory in use after: 89.6 MB.

Unloading 9 unused Assets to reduce memory usage. Loaded Objects now: 2433.
Total: 5.287700 ms (FindLiveObjects: 0.371000 ms CreateObjectMapping: 0.195200 ms MarkObjects: 4.688100 ms  DeleteObjects: 0.031000 ms)

========================================================================
Received Import Request.
  Time since last request: 164.192289 seconds.
  path: Assets/Scenes/Level 1.unity
  artifactKey: Guid(4001e04f09d51af41a6e9ab97c6f6bde) Importer(815301076,1909f56bfc062723c751e8b465ee728b)
Start importing Assets/Scenes/Level 1.unity using Guid(4001e04f09d51af41a6e9ab97c6f6bde) Importer(815301076,1909f56bfc062723c751e8b465ee728b)  -> (artifact id: '8a569dc6861dc8272c3476ea58baebf9') in 0.024198 seconds
  Import took 0.032372 seconds .

========================================================================
Received Import Request.
  Time since last request: 352.655172 seconds.
  path: Assets/Art/Monsters
  artifactKey: Guid(17329331ffa06a649a89fa9dac196e83) Importer(815301076,1909f56bfc062723c751e8b465ee728b)
Start importing Assets/Art/Monsters using Guid(17329331ffa06a649a89fa9dac196e83) Importer(815301076,1909f56bfc062723c751e8b465ee728b)  -> (artifact id: '7918bf30ea474f216f7d409912ec2fb7') in 0.042793 seconds
  Import took 0.049130 seconds .

========================================================================
Received Import Request.
  Time since last request: 14.735088 seconds.
  path: Assets/Art/Props
  artifactKey: Guid(039857db331f40941899678e46c1e368) Importer(815301076,1909f56bfc062723c751e8b465ee728b)
Start importing Assets/Art/Props using Guid(039857db331f40941899678e46c1e368) Importer(815301076,1909f56bfc062723c751e8b465ee728b)  -> (artifact id: '7feec9e837df1104a5ae9f7b9cfda1c7') in 0.018535 seconds
  Import took 0.024840 seconds .

========================================================================
Received Prepare
Registering precompiled user dll's ...
Registered in 0.002013 seconds.
Begin MonoManager ReloadAssembly
Native extension for WindowsStandalone target not found
Refreshing native plugins compatible for Editor in 0.42 ms, found 1 plugins.
Preloading 0 native plugins for Editor in 0.00 ms.
Invoked RoslynAnalysisRunner static constructor.
RoslynAnalysisRunner will not be running.
RoslynAnalysisRunner has terminated.
Mono: successfully reloaded assembly
- Completed reload, in  1.231 seconds
Platform modules already initialized, skipping
Refreshing native plugins compatible for Editor in 0.52 ms, found 1 plugins.
Preloading 0 native plugins for Editor in 0.00 ms.
Unloading 1937 Unused Serialized files (Serialized files now loaded: 0)
System memory in use before: 89.5 MB.
System memory in use after: 89.6 MB.

Unloading 9 unused Assets to reduce memory usage. Loaded Objects now: 2435.
Total: 2.812500 ms (FindLiveObjects: 0.553000 ms CreateObjectMapping: 0.115300 ms MarkObjects: 2.117800 ms  DeleteObjects: 0.024700 ms)

========================================================================
Received Import Request.
  Time since last request: 843.591398 seconds.
  path: Assets/Scenes/Level 2.unity
  artifactKey: Guid(2e2b73ed77405fc4c8ebef47a1c7516e) Importer(815301076,1909f56bfc062723c751e8b465ee728b)
Start importing Assets/Scenes/Level 2.unity using Guid(2e2b73ed77405fc4c8ebef47a1c7516e) Importer(815301076,1909f56bfc062723c751e8b465ee728b)  -> (artifact id: '940345075db119b856c4a8484d455b96') in 0.028329 seconds
  Import took 0.056229 seconds .

========================================================================
Received Import Request.
  Time since last request: 80.209700 seconds.
  path: Assets/Scenes/SampleScene.unity
  artifactKey: Guid(75e8e090994a598498bcbfb4425e3a35) Importer(815301076,1909f56bfc062723c751e8b465ee728b)
Start importing Assets/Scenes/SampleScene.unity using Guid(75e8e090994a598498bcbfb4425e3a35) Importer(815301076,1909f56bfc062723c751e8b465ee728b)  -> (artifact id: 'ebea88bcec9fb926173a47f4b7a87ee2') in 0.008313 seconds
  Import took 0.014769 seconds .

========================================================================
Received Import Request.
  Time since last request: 554.270494 seconds.
  path: Assets/Scenes/SampleScene.unity
  artifactKey: Guid(75e8e090994a598498bcbfb4425e3a35) Importer(815301076,1909f56bfc062723c751e8b465ee728b)
Start importing Assets/Scenes/SampleScene.unity using Guid(75e8e090994a598498bcbfb4425e3a35) Importer(815301076,1909f56bfc062723c751e8b465ee728b)  -> (artifact id: 'f09e49fcb998e426aca8d9d65ed551b3') in 0.009301 seconds
  Import took 0.016352 seconds .

========================================================================
Received Import Request.
  Time since last request: 565.276183 seconds.
  path: Assets/Scenes/SampleScene.unity
  artifactKey: Guid(75e8e090994a598498bcbfb4425e3a35) Importer(815301076,1909f56bfc062723c751e8b465ee728b)
Start importing Assets/Scenes/SampleScene.unity using Guid(75e8e090994a598498bcbfb4425e3a35) Importer(815301076,1909f56bfc062723c751e8b465ee728b)  -> (artifact id: '76a188dd5d2bc875e858d7404640eea9') in 0.008157 seconds
  Import took 0.015172 seconds .

========================================================================
Received Prepare
Registering precompiled user dll's ...
Registered in 0.001843 seconds.
Begin MonoManager ReloadAssembly
Native extension for WindowsStandalone target not found
Refreshing native plugins compatible for Editor in 0.51 ms, found 1 plugins.
Preloading 0 native plugins for Editor in 0.00 ms.
Invoked RoslynAnalysisRunner static constructor.
RoslynAnalysisRunner will not be running.
RoslynAnalysisRunner has terminated.
Mono: successfully reloaded assembly
- Completed reload, in  1.309 seconds
Platform modules already initialized, skipping
Refreshing native plugins compatible for Editor in 1.96 ms, found 1 plugins.
Preloading 0 native plugins for Editor in 0.00 ms.
Unloading 1937 Unused Serialized files (Serialized files now loaded: 0)
System memory in use before: 89.5 MB.
System memory in use after: 89.7 MB.

Unloading 9 unused Assets to reduce memory usage. Loaded Objects now: 2437.
Total: 3.959900 ms (FindLiveObjects: 0.330000 ms CreateObjectMapping: 0.112700 ms MarkObjects: 3.486900 ms  DeleteObjects: 0.028200 ms)

========================================================================
Received Prepare
Registering precompiled user dll's ...
Registered in 0.001049 seconds.
Begin MonoManager ReloadAssembly
Native extension for WindowsStandalone target not found
Refreshing native plugins compatible for Editor in 0.80 ms, found 1 plugins.
Preloading 0 native plugins for Editor in 0.00 ms.
Invoked RoslynAnalysisRunner static constructor.
RoslynAnalysisRunner will not be running.
RoslynAnalysisRunner has terminated.
Mono: successfully reloaded assembly
- Completed reload, in  1.298 seconds
Platform modules already initialized, skipping
Refreshing native plugins compatible for Editor in 0.48 ms, found 1 plugins.
Preloading 0 native plugins for Editor in 0.00 ms.
Unloading 1937 Unused Serialized files (Serialized files now loaded: 0)
System memory in use before: 89.6 MB.
System memory in use after: 89.7 MB.

Unloading 9 unused Assets to reduce memory usage. Loaded Objects now: 2439.
Total: 4.277900 ms (FindLiveObjects: 0.383100 ms CreateObjectMapping: 0.155100 ms MarkObjects: 3.709600 ms  DeleteObjects: 0.028200 ms)

========================================================================
Received Prepare
Registering precompiled user dll's ...
Registered in 0.001732 seconds.
Begin MonoManager ReloadAssembly
Native extension for WindowsStandalone target not found
Refreshing native plugins compatible for Editor in 0.45 ms, found 1 plugins.
Preloading 0 native plugins for Editor in 0.00 ms.
Invoked RoslynAnalysisRunner static constructor.
RoslynAnalysisRunner will not be running.
RoslynAnalysisRunner has terminated.
Mono: successfully reloaded assembly
- Completed reload, in  1.287 seconds
Platform modules already initialized, skipping
Refreshing native plugins compatible for Editor in 0.43 ms, found 1 plugins.
Preloading 0 native plugins for Editor in 0.00 ms.
Unloading 1937 Unused Serialized files (Serialized files now loaded: 0)
System memory in use before: 89.6 MB.
System memory in use after: 89.7 MB.

Unloading 9 unused Assets to reduce memory usage. Loaded Objects now: 2441.
Total: 4.599100 ms (FindLiveObjects: 0.485500 ms CreateObjectMapping: 0.221100 ms MarkObjects: 3.862900 ms  DeleteObjects: 0.026100 ms)

========================================================================
Received Prepare
Registering precompiled user dll's ...
Registered in 0.001293 seconds.
Begin MonoManager ReloadAssembly
Native extension for WindowsStandalone target not found
Refreshing native plugins compatible for Editor in 1.12 ms, found 1 plugins.
Preloading 0 native plugins for Editor in 0.00 ms.
Invoked RoslynAnalysisRunner static constructor.
RoslynAnalysisRunner will not be running.
RoslynAnalysisRunner has terminated.
Mono: successfully reloaded assembly
- Completed reload, in  1.320 seconds
Platform modules already initialized, skipping
Refreshing native plugins compatible for Editor in 0.43 ms, found 1 plugins.
Preloading 0 native plugins for Editor in 0.00 ms.
Unloading 1937 Unused Serialized files (Serialized files now loaded: 0)
System memory in use before: 89.6 MB.
System memory in use after: 89.7 MB.

Unloading 9 unused Assets to reduce memory usage. Loaded Objects now: 2443.
Total: 4.204400 ms (FindLiveObjects: 0.324900 ms CreateObjectMapping: 0.115900 ms MarkObjects: 3.735300 ms  DeleteObjects: 0.026000 ms)

========================================================================
Received Prepare
Registering precompiled user dll's ...
Registered in 0.001213 seconds.
Begin MonoManager ReloadAssembly
Native extension for WindowsStandalone target not found
Refreshing native plugins compatible for Editor in 0.46 ms, found 1 plugins.
Preloading 0 native plugins for Editor in 0.00 ms.
Invoked RoslynAnalysisRunner static constructor.
RoslynAnalysisRunner will not be running.
RoslynAnalysisRunner has terminated.
Mono: successfully reloaded assembly
- Completed reload, in  1.349 seconds
Platform modules already initialized, skipping
Refreshing native plugins compatible for Editor in 0.44 ms, found 1 plugins.
Preloading 0 native plugins for Editor in 0.00 ms.
Unloading 1937 Unused Serialized files (Serialized files now loaded: 0)
System memory in use before: 89.6 MB.
System memory in use after: 89.7 MB.

Unloading 9 unused Assets to reduce memory usage. Loaded Objects now: 2445.
Total: 3.239000 ms (FindLiveObjects: 0.345400 ms CreateObjectMapping: 0.128300 ms MarkObjects: 2.737800 ms  DeleteObjects: 0.025500 ms)

========================================================================
Received Prepare
Registering precompiled user dll's ...
Registered in 0.001717 seconds.
Begin MonoManager ReloadAssembly
Native extension for WindowsStandalone target not found
Refreshing native plugins compatible for Editor in 0.53 ms, found 1 plugins.
Preloading 0 native plugins for Editor in 0.00 ms.
Invoked RoslynAnalysisRunner static constructor.
RoslynAnalysisRunner will not be running.
RoslynAnalysisRunner has terminated.
Mono: successfully reloaded assembly
- Completed reload, in  1.444 seconds
Platform modules already initialized, skipping
Refreshing native plugins compatible for Editor in 0.78 ms, found 1 plugins.
Preloading 0 native plugins for Editor in 0.00 ms.
Unloading 1937 Unused Serialized files (Serialized files now loaded: 0)
System memory in use before: 89.6 MB.
System memory in use after: 89.7 MB.

Unloading 9 unused Assets to reduce memory usage. Loaded Objects now: 2447.
Total: 3.876800 ms (FindLiveObjects: 0.468600 ms CreateObjectMapping: 0.308000 ms MarkObjects: 3.069700 ms  DeleteObjects: 0.027700 ms)

========================================================================
Received Prepare
Registering precompiled user dll's ...
Registered in 0.001193 seconds.
Begin MonoManager ReloadAssembly
Native extension for WindowsStandalone target not found
Refreshing native plugins compatible for Editor in 0.50 ms, found 1 plugins.
Preloading 0 native plugins for Editor in 0.00 ms.
Invoked RoslynAnalysisRunner static constructor.
RoslynAnalysisRunner will not be running.
RoslynAnalysisRunner has terminated.
Mono: successfully reloaded assembly
- Completed reload, in  1.390 seconds
Platform modules already initialized, skipping
Refreshing native plugins compatible for Editor in 0.75 ms, found 1 plugins.
Preloading 0 native plugins for Editor in 0.00 ms.
Unloading 1937 Unused Serialized files (Serialized files now loaded: 0)
System memory in use before: 89.6 MB.
System memory in use after: 89.7 MB.

Unloading 9 unused Assets to reduce memory usage. Loaded Objects now: 2449.
Total: 4.000900 ms (FindLiveObjects: 0.345500 ms CreateObjectMapping: 0.125200 ms MarkObjects: 3.500900 ms  DeleteObjects: 0.027300 ms)

========================================================================
Received Prepare
Registering precompiled user dll's ...
Registered in 0.001533 seconds.
Begin MonoManager ReloadAssembly
Native extension for WindowsStandalone target not found
Refreshing native plugins compatible for Editor in 0.49 ms, found 1 plugins.
Preloading 0 native plugins for Editor in 0.00 ms.
Invoked RoslynAnalysisRunner static constructor.
RoslynAnalysisRunner will not be running.
RoslynAnalysisRunner has terminated.
Mono: successfully reloaded assembly
- Completed reload, in  1.286 seconds
Platform modules already initialized, skipping
Refreshing native plugins compatible for Editor in 0.76 ms, found 1 plugins.
Preloading 0 native plugins for Editor in 0.00 ms.
Unloading 1937 Unused Serialized files (Serialized files now loaded: 0)
System memory in use before: 89.6 MB.
System memory in use after: 89.7 MB.

Unloading 9 unused Assets to reduce memory usage. Loaded Objects now: 2451.
Total: 4.958200 ms (FindLiveObjects: 0.792300 ms CreateObjectMapping: 0.246100 ms MarkObjects: 3.883500 ms  DeleteObjects: 0.031000 ms)

========================================================================
Received Prepare
Registering precompiled user dll's ...
Registered in 0.001067 seconds.
Begin MonoManager ReloadAssembly
Native extension for WindowsStandalone target not found
Refreshing native plugins compatible for Editor in 0.45 ms, found 1 plugins.
Preloading 0 native plugins for Editor in 0.00 ms.
Invoked RoslynAnalysisRunner static constructor.
RoslynAnalysisRunner will not be running.
RoslynAnalysisRunner has terminated.
Mono: successfully reloaded assembly
- Completed reload, in  1.280 seconds
Platform modules already initialized, skipping
Refreshing native plugins compatible for Editor in 0.43 ms, found 1 plugins.
Preloading 0 native plugins for Editor in 0.00 ms.
Unloading 1937 Unused Serialized files (Serialized files now loaded: 0)
System memory in use before: 89.6 MB.
System memory in use after: 89.7 MB.

Unloading 9 unused Assets to reduce memory usage. Loaded Objects now: 2453.
Total: 4.376900 ms (FindLiveObjects: 0.388700 ms CreateObjectMapping: 0.160600 ms MarkObjects: 3.797300 ms  DeleteObjects: 0.028000 ms)

========================================================================
Received Prepare
Registering precompiled user dll's ...
Registered in 0.001284 seconds.
Begin MonoManager ReloadAssembly
Native extension for WindowsStandalone target not found
Refreshing native plugins compatible for Editor in 0.42 ms, found 1 plugins.
Preloading 0 native plugins for Editor in 0.00 ms.
Invoked RoslynAnalysisRunner static constructor.
RoslynAnalysisRunner will not be running.
RoslynAnalysisRunner has terminated.
Mono: successfully reloaded assembly
- Completed reload, in  1.101 seconds
Platform modules already initialized, skipping
Refreshing native plugins compatible for Editor in 0.42 ms, found 1 plugins.
Preloading 0 native plugins for Editor in 0.00 ms.
Unloading 1937 Unused Serialized files (Serialized files now loaded: 0)
System memory in use before: 89.6 MB.
System memory in use after: 89.7 MB.

Unloading 9 unused Assets to reduce memory usage. Loaded Objects now: 2455.
Total: 4.303700 ms (FindLiveObjects: 0.326500 ms CreateObjectMapping: 0.111300 ms MarkObjects: 3.831300 ms  DeleteObjects: 0.032500 ms)

========================================================================
Received Import Request.
  Time since last request: 566.066418 seconds.
  path: Assets/Scenes/SampleScene.unity
  artifactKey: Guid(75e8e090994a598498bcbfb4425e3a35) Importer(815301076,1909f56bfc062723c751e8b465ee728b)
Start importing Assets/Scenes/SampleScene.unity using Guid(75e8e090994a598498bcbfb4425e3a35) Importer(815301076,1909f56bfc062723c751e8b465ee728b)  -> (artifact id: '3b48b422b5b0909c5dbea5973dfc3ae9') in 0.029804 seconds
  Import took 0.095265 seconds .

========================================================================
Received Prepare
Registering precompiled user dll's ...
Registered in 0.001130 seconds.
Begin MonoManager ReloadAssembly
Native extension for WindowsStandalone target not found
Refreshing native plugins compatible for Editor in 0.46 ms, found 1 plugins.
Preloading 0 native plugins for Editor in 0.00 ms.
Invoked RoslynAnalysisRunner static constructor.
RoslynAnalysisRunner will not be running.
RoslynAnalysisRunner has terminated.
Mono: successfully reloaded assembly
- Completed reload, in  1.090 seconds
Platform modules already initialized, skipping
Refreshing native plugins compatible for Editor in 0.42 ms, found 1 plugins.
Preloading 0 native plugins for Editor in 0.00 ms.
Unloading 1937 Unused Serialized files (Serialized files now loaded: 0)
System memory in use before: 89.6 MB.
System memory in use after: 89.7 MB.

Unloading 9 unused Assets to reduce memory usage. Loaded Objects now: 2457.
Total: 3.638700 ms (FindLiveObjects: 0.493700 ms CreateObjectMapping: 0.174200 ms MarkObjects: 2.933700 ms  DeleteObjects: 0.033400 ms)

========================================================================
Received Prepare
Registering precompiled user dll's ...
Registered in 0.002868 seconds.
Begin MonoManager ReloadAssembly
Native extension for WindowsStandalone target not found
Refreshing native plugins compatible for Editor in 0.40 ms, found 1 plugins.
Preloading 0 native plugins for Editor in 0.00 ms.
Invoked RoslynAnalysisRunner static constructor.
RoslynAnalysisRunner will not be running.
RoslynAnalysisRunner has terminated.
Mono: successfully reloaded assembly
- Completed reload, in  1.109 seconds
Platform modules already initialized, skipping
Refreshing native plugins compatible for Editor in 0.58 ms, found 1 plugins.
Preloading 0 native plugins for Editor in 0.00 ms.
Unloading 1937 Unused Serialized files (Serialized files now loaded: 0)
System memory in use before: 89.6 MB.
System memory in use after: 89.7 MB.

Unloading 9 unused Assets to reduce memory usage. Loaded Objects now: 2459.
Total: 3.413200 ms (FindLiveObjects: 0.233300 ms CreateObjectMapping: 0.098000 ms MarkObjects: 3.054600 ms  DeleteObjects: 0.025400 ms)

========================================================================
Received Import Request.
  Time since last request: 208.922750 seconds.
  path: Assets/Scenes/SampleScene.unity
  artifactKey: Guid(75e8e090994a598498bcbfb4425e3a35) Importer(815301076,1909f56bfc062723c751e8b465ee728b)
Start importing Assets/Scenes/SampleScene.unity using Guid(75e8e090994a598498bcbfb4425e3a35) Importer(815301076,1909f56bfc062723c751e8b465ee728b)  -> (artifact id: '0733ff2cb302db76353782e8963f814f') in 0.019886 seconds
  Import took 0.025196 seconds .

========================================================================
Received Import Request.
  Time since last request: 67.416016 seconds.
  path: Assets/Scenes/SampleScene.unity
  artifactKey: Guid(75e8e090994a598498bcbfb4425e3a35) Importer(815301076,1909f56bfc062723c751e8b465ee728b)
Start importing Assets/Scenes/SampleScene.unity using Guid(75e8e090994a598498bcbfb4425e3a35) Importer(815301076,1909f56bfc062723c751e8b465ee728b)  -> (artifact id: '70e519a679ef50b92ac0f9d0417da3a1') in 0.010693 seconds
  Import took 0.015441 seconds .

========================================================================
Received Import Request.
  Time since last request: 272.979622 seconds.
  path: Assets/Art/UI
  artifactKey: Guid(c5754b95c29777241930de6fe967e09c) Importer(815301076,1909f56bfc062723c751e8b465ee728b)
Start importing Assets/Art/UI using Guid(c5754b95c29777241930de6fe967e09c) Importer(815301076,1909f56bfc062723c751e8b465ee728b)  -> (artifact id: '2f475b68932ea37c0656f4bc57e8ccb1') in 0.018565 seconds
  Import took 0.069680 seconds .

========================================================================
Received Prepare
Registering precompiled user dll's ...
Registered in 0.001245 seconds.
Begin MonoManager ReloadAssembly
Native extension for WindowsStandalone target not found
Refreshing native plugins compatible for Editor in 0.46 ms, found 1 plugins.
Preloading 0 native plugins for Editor in 0.00 ms.
Invoked RoslynAnalysisRunner static constructor.
RoslynAnalysisRunner will not be running.
RoslynAnalysisRunner has terminated.
Mono: successfully reloaded assembly
- Completed reload, in  1.322 seconds
Platform modules already initialized, skipping
Refreshing native plugins compatible for Editor in 0.70 ms, found 1 plugins.
Preloading 0 native plugins for Editor in 0.00 ms.
Unloading 1937 Unused Serialized files (Serialized files now loaded: 0)
System memory in use before: 89.6 MB.
System memory in use after: 89.8 MB.

Unloading 9 unused Assets to reduce memory usage. Loaded Objects now: 2461.
Total: 4.170700 ms (FindLiveObjects: 0.401800 ms CreateObjectMapping: 0.163500 ms MarkObjects: 3.574300 ms  DeleteObjects: 0.029100 ms)

========================================================================
Received Prepare
Registering precompiled user dll's ...
Registered in 0.001090 seconds.
Begin MonoManager ReloadAssembly
Native extension for WindowsStandalone target not found
Refreshing native plugins compatible for Editor in 0.73 ms, found 1 plugins.
Preloading 0 native plugins for Editor in 0.00 ms.
Invoked RoslynAnalysisRunner static constructor.
RoslynAnalysisRunner will not be running.
RoslynAnalysisRunner has terminated.
Mono: successfully reloaded assembly
- Completed reload, in  2.020 seconds
Platform modules already initialized, skipping
Refreshing native plugins compatible for Editor in 0.69 ms, found 1 plugins.
Preloading 0 native plugins for Editor in 0.00 ms.
Unloading 1937 Unused Serialized files (Serialized files now loaded: 0)
System memory in use before: 89.7 MB.
System memory in use after: 89.8 MB.

Unloading 9 unused Assets to reduce memory usage. Loaded Objects now: 2463.
Total: 5.069500 ms (FindLiveObjects: 0.449000 ms CreateObjectMapping: 0.112300 ms MarkObjects: 4.477000 ms  DeleteObjects: 0.028300 ms)

========================================================================
Received Prepare
Registering precompiled user dll's ...
Registered in 0.001247 seconds.
Begin MonoManager ReloadAssembly
Native extension for WindowsStandalone target not found
Refreshing native plugins compatible for Editor in 0.48 ms, found 1 plugins.
Preloading 0 native plugins for Editor in 0.00 ms.
Invoked RoslynAnalysisRunner static constructor.
RoslynAnalysisRunner will not be running.
RoslynAnalysisRunner has terminated.
Mono: successfully reloaded assembly
- Completed reload, in  1.362 seconds
Platform modules already initialized, skipping
Refreshing native plugins compatible for Editor in 1.24 ms, found 1 plugins.
Preloading 0 native plugins for Editor in 0.00 ms.
Unloading 1937 Unused Serialized files (Serialized files now loaded: 0)
System memory in use before: 89.7 MB.
System memory in use after: 89.8 MB.

Unloading 9 unused Assets to reduce memory usage. Loaded Objects now: 2465.
Total: 4.041700 ms (FindLiveObjects: 0.354100 ms CreateObjectMapping: 0.144100 ms MarkObjects: 3.511500 ms  DeleteObjects: 0.029900 ms)

========================================================================
Received Prepare
Registering precompiled user dll's ...
Registered in 0.002502 seconds.
Begin MonoManager ReloadAssembly
Native extension for WindowsStandalone target not found
Refreshing native plugins compatible for Editor in 0.94 ms, found 1 plugins.
Preloading 0 native plugins for Editor in 0.00 ms.
Invoked RoslynAnalysisRunner static constructor.
RoslynAnalysisRunner will not be running.
RoslynAnalysisRunner has terminated.
Mono: successfully reloaded assembly
- Completed reload, in  2.366 seconds
Platform modules already initialized, skipping
Refreshing native plugins compatible for Editor in 0.43 ms, found 1 plugins.
Preloading 0 native plugins for Editor in 0.00 ms.
Unloading 1937 Unused Serialized files (Serialized files now loaded: 0)
System memory in use before: 89.7 MB.
System memory in use after: 89.8 MB.

Unloading 9 unused Assets to reduce memory usage. Loaded Objects now: 2467.
Total: 4.576400 ms (FindLiveObjects: 0.361700 ms CreateObjectMapping: 0.119500 ms MarkObjects: 3.936800 ms  DeleteObjects: 0.152900 ms)

========================================================================
Received Import Request.
  Time since last request: 504.925023 seconds.
  path: Assets/New Folder
  artifactKey: Guid(264656645d4e78f428eba132239cab72) Importer(815301076,1909f56bfc062723c751e8b465ee728b)
Start importing Assets/New Folder using Guid(264656645d4e78f428eba132239cab72) Importer(815301076,1909f56bfc062723c751e8b465ee728b)  -> (artifact id: '502d1c953944dabb2afd84d523185cf9') in 0.032540 seconds
  Import took 0.039820 seconds .

========================================================================
Received Import Request.
  Time since last request: 19.902496 seconds.
  path: Assets/Prefabs
  artifactKey: Guid(264656645d4e78f428eba132239cab72) Importer(815301076,1909f56bfc062723c751e8b465ee728b)
Start importing Assets/Prefabs using Guid(264656645d4e78f428eba132239cab72) Importer(815301076,1909f56bfc062723c751e8b465ee728b)  -> (artifact id: 'd6e3e3634848a6ab1725e88abcab50e8') in 0.018673 seconds
  Import took 0.025317 seconds .

========================================================================
Received Import Request.
  Time since last request: 31.144204 seconds.
  path: Assets/Prefabs/Red Bird.prefab
  artifactKey: Guid(c7304003611bb4e428c3eb03725d420d) Importer(815301076,1909f56bfc062723c751e8b465ee728b)
Start importing Assets/Prefabs/Red Bird.prefab using Guid(c7304003611bb4e428c3eb03725d420d) Importer(815301076,1909f56bfc062723c751e8b465ee728b)  -> (artifact id: '7b1f5a15489c9f6b461619d650db39ae') in 0.484880 seconds
  Import took 0.492364 seconds .

========================================================================
Received Import Request.
  Time since last request: 4.696081 seconds.
  path: Assets/Prefabs/Crate 1.prefab
  artifactKey: Guid(ce89f651a40299b4c9c6cf1737924e2f) Importer(815301076,1909f56bfc062723c751e8b465ee728b)
Start importing Assets/Prefabs/Crate 1.prefab using Guid(ce89f651a40299b4c9c6cf1737924e2f) Importer(815301076,1909f56bfc062723c751e8b465ee728b)  -> (artifact id: '5728d744befb2719edb65ec051c51cf6') in 0.030282 seconds
  Import took 0.035969 seconds .

========================================================================
Received Import Request.
  Time since last request: 0.044264 seconds.
  path: Assets/Prefabs/Crate 1.prefab
  artifactKey: Guid(ce89f651a40299b4c9c6cf1737924e2f) Importer(815301076,1909f56bfc062723c751e8b465ee728b)
Start importing Assets/Prefabs/Crate 1.prefab using Guid(ce89f651a40299b4c9c6cf1737924e2f) Importer(815301076,1909f56bfc062723c751e8b465ee728b)  -> (artifact id: '5728d744befb2719edb65ec051c51cf6') in 0.019563 seconds
  Import took 0.028012 seconds .

========================================================================
Received Import Request.
  Time since last request: 8.013238 seconds.
  path: Assets/Prefabs/MonsterPurpleOpen.prefab
  artifactKey: Guid(5fdb3e73a5f36a441861111f215de5e7) Importer(815301076,1909f56bfc062723c751e8b465ee728b)
Start importing Assets/Prefabs/MonsterPurpleOpen.prefab using Guid(5fdb3e73a5f36a441861111f215de5e7) Importer(815301076,1909f56bfc062723c751e8b465ee728b)  -> (artifact id: 'eb767ffad79cbcfc50c293d107bfd354') in 0.041851 seconds
  Import took 0.049753 seconds .

========================================================================
Received Import Request.
  Time since last request: 0.032815 seconds.
  path: Assets/Prefabs/MonsterPurpleOpen.prefab
  artifactKey: Guid(5fdb3e73a5f36a441861111f215de5e7) Importer(815301076,1909f56bfc062723c751e8b465ee728b)
Start importing Assets/Prefabs/MonsterPurpleOpen.prefab using Guid(5fdb3e73a5f36a441861111f215de5e7) Importer(815301076,1909f56bfc062723c751e8b465ee728b)  -> (artifact id: 'eb767ffad79cbcfc50c293d107bfd354') in 0.019779 seconds
  Import took 0.028036 seconds .

========================================================================
Received Import Request.
  Time since last request: 2.630575 seconds.
  path: Assets/Prefabs/StoneBlock (1).prefab
  artifactKey: Guid(16c5309ba00e0f1458a69de852598591) Importer(815301076,1909f56bfc062723c751e8b465ee728b)
Start importing Assets/Prefabs/StoneBlock (1).prefab using Guid(16c5309ba00e0f1458a69de852598591) Importer(815301076,1909f56bfc062723c751e8b465ee728b)  -> (artifact id: '20936ef42052c4ef1ade0f03ac7a094c') in 0.029136 seconds
  Import took 0.034382 seconds .

========================================================================
Received Import Request.
  Time since last request: 0.026271 seconds.
  path: Assets/Prefabs/StoneBlock (1).prefab
  artifactKey: Guid(16c5309ba00e0f1458a69de852598591) Importer(815301076,1909f56bfc062723c751e8b465ee728b)
Start importing Assets/Prefabs/StoneBlock (1).prefab using Guid(16c5309ba00e0f1458a69de852598591) Importer(815301076,1909f56bfc062723c751e8b465ee728b)  -> (artifact id: '20936ef42052c4ef1ade0f03ac7a094c') in 0.017839 seconds
  Import took 0.025231 seconds .

========================================================================
Received Import Request.
  Time since last request: 4.280345 seconds.
  path: Assets/Prefabs/CM vcam1.prefab
  artifactKey: Guid(a6b677bcc52813c4bb6ef06cd1a0368d) Importer(815301076,1909f56bfc062723c751e8b465ee728b)
Start importing Assets/Prefabs/CM vcam1.prefab using Guid(a6b677bcc52813c4bb6ef06cd1a0368d) Importer(815301076,1909f56bfc062723c751e8b465ee728b)  -> (artifact id: 'c0af7cd616a755f191b5f817bb37f956') in 0.029820 seconds
  Import took 0.035641 seconds .

========================================================================
Received Import Request.
  Time since last request: 0.066477 seconds.
  path: Assets/Prefabs/CM vcam1.prefab
  artifactKey: Guid(a6b677bcc52813c4bb6ef06cd1a0368d) Importer(815301076,1909f56bfc062723c751e8b465ee728b)
Start importing Assets/Prefabs/CM vcam1.prefab using Guid(a6b677bcc52813c4bb6ef06cd1a0368d) Importer(815301076,1909f56bfc062723c751e8b465ee728b)  -> (artifact id: 'c0af7cd616a755f191b5f817bb37f956') in 0.008949 seconds
  Import took 0.019852 seconds .

========================================================================
Received Import Request.
  Time since last request: 3.327498 seconds.
  path: Assets/Prefabs/TargetGroup.prefab
  artifactKey: Guid(e8aae1ec7572d0f4ca8f3758d08e1c52) Importer(815301076,1909f56bfc062723c751e8b465ee728b)
Start importing Assets/Prefabs/TargetGroup.prefab using Guid(e8aae1ec7572d0f4ca8f3758d08e1c52) Importer(815301076,1909f56bfc062723c751e8b465ee728b)  -> (artifact id: '22e4949a889829b3f91d80604571cbd5') in 0.015561 seconds
  Import took 0.024333 seconds .

========================================================================
Received Import Request.
  Time since last request: 0.011944 seconds.
  path: Assets/Prefabs/TargetGroup.prefab
  artifactKey: Guid(e8aae1ec7572d0f4ca8f3758d08e1c52) Importer(815301076,1909f56bfc062723c751e8b465ee728b)
Start importing Assets/Prefabs/TargetGroup.prefab using Guid(e8aae1ec7572d0f4ca8f3758d08e1c52) Importer(815301076,1909f56bfc062723c751e8b465ee728b)  -> (artifact id: '22e4949a889829b3f91d80604571cbd5') in 0.006974 seconds
  Import took 0.012959 seconds .

========================================================================
Received Import Request.
  Time since last request: 5.488088 seconds.
  path: Assets/Prefabs/StoneBlock.prefab
  artifactKey: Guid(2fbf7862f18bebd4e94219f76f9565d5) Importer(815301076,1909f56bfc062723c751e8b465ee728b)
Start importing Assets/Prefabs/StoneBlock.prefab using Guid(2fbf7862f18bebd4e94219f76f9565d5) Importer(815301076,1909f56bfc062723c751e8b465ee728b)  -> (artifact id: 'fe15da1b78eaace4b4b041334b964297') in 0.028241 seconds
  Import took 0.037156 seconds .

========================================================================
Received Import Request.
  Time since last request: 0.014289 seconds.
  path: Assets/Prefabs/StoneBlock.prefab
  artifactKey: Guid(2fbf7862f18bebd4e94219f76f9565d5) Importer(815301076,1909f56bfc062723c751e8b465ee728b)
Start importing Assets/Prefabs/StoneBlock.prefab using Guid(2fbf7862f18bebd4e94219f76f9565d5) Importer(815301076,1909f56bfc062723c751e8b465ee728b)  -> (artifact id: 'fe15da1b78eaace4b4b041334b964297') in 0.022918 seconds
  Import took 0.029055 seconds .

========================================================================
Received Import Request.
  Time since last request: 12.685272 seconds.
  path: Assets/Prefabs/LevelController.prefab
  artifactKey: Guid(e7a326abcdc90b9488dc6611f4a16627) Importer(815301076,1909f56bfc062723c751e8b465ee728b)
Start importing Assets/Prefabs/LevelController.prefab using Guid(e7a326abcdc90b9488dc6611f4a16627) Importer(815301076,1909f56bfc062723c751e8b465ee728b)  -> (artifact id: 'd61089e0c0ef3fb8f2ab507d75f6a461') in 0.029504 seconds
  Import took 0.035061 seconds .

========================================================================
Received Import Request.
  Time since last request: 0.006034 seconds.
  path: Assets/Prefabs/LevelController.prefab
  artifactKey: Guid(e7a326abcdc90b9488dc6611f4a16627) Importer(815301076,1909f56bfc062723c751e8b465ee728b)
Start importing Assets/Prefabs/LevelController.prefab using Guid(e7a326abcdc90b9488dc6611f4a16627) Importer(815301076,1909f56bfc062723c751e8b465ee728b)  -> (artifact id: 'd61089e0c0ef3fb8f2ab507d75f6a461') in 0.006551 seconds
  Import took 0.013233 seconds .

========================================================================
Received Import Request.
  Time since last request: 738.229603 seconds.
  path: Assets/Prefabs/Red Bird.prefab
  artifactKey: Guid(c7304003611bb4e428c3eb03725d420d) Importer(815301076,1909f56bfc062723c751e8b465ee728b)
Start importing Assets/Prefabs/Red Bird.prefab using Guid(c7304003611bb4e428c3eb03725d420d) Importer(815301076,1909f56bfc062723c751e8b465ee728b)  -> (artifact id: '9f514cd0d231462eb7bff1b694c6d776') in 0.042042 seconds
  Import took 0.049430 seconds .

========================================================================
Received Import Request.
  Time since last request: 0.012261 seconds.
  path: Assets/Prefabs/Red Bird.prefab
  artifactKey: Guid(c7304003611bb4e428c3eb03725d420d) Importer(815301076,1909f56bfc062723c751e8b465ee728b)
Start importing Assets/Prefabs/Red Bird.prefab using Guid(c7304003611bb4e428c3eb03725d420d) Importer(815301076,1909f56bfc062723c751e8b465ee728b)  -> (artifact id: '9f514cd0d231462eb7bff1b694c6d776') in 0.022341 seconds
  Import took 0.027991 seconds .

========================================================================
Received Import Request.
  Time since last request: 16.275972 seconds.
  path: Assets/Prefabs/Red Bird.prefab
  artifactKey: Guid(c7304003611bb4e428c3eb03725d420d) Importer(815301076,1909f56bfc062723c751e8b465ee728b)
Start importing Assets/Prefabs/Red Bird.prefab using Guid(c7304003611bb4e428c3eb03725d420d) Importer(815301076,1909f56bfc062723c751e8b465ee728b)  -> (artifact id: 'e8de7e4570e4c07a69cbe87f2fa20536') in 0.024190 seconds
  Import took 0.030371 seconds .

========================================================================
Received Import Request.
  Time since last request: 0.026305 seconds.
  path: Assets/Prefabs/Red Bird.prefab
  artifactKey: Guid(c7304003611bb4e428c3eb03725d420d) Importer(815301076,1909f56bfc062723c751e8b465ee728b)
Start importing Assets/Prefabs/Red Bird.prefab using Guid(c7304003611bb4e428c3eb03725d420d) Importer(815301076,1909f56bfc062723c751e8b465ee728b)  -> (artifact id: 'e8de7e4570e4c07a69cbe87f2fa20536') in 0.021945 seconds
  Import took 0.029966 seconds .

========================================================================
Received Import Request.
  Time since last request: 37.131450 seconds.
  path: Assets/Scenes/Level 2.unity
  artifactKey: Guid(2e2b73ed77405fc4c8ebef47a1c7516e) Importer(815301076,1909f56bfc062723c751e8b465ee728b)
Start importing Assets/Scenes/Level 2.unity using Guid(2e2b73ed77405fc4c8ebef47a1c7516e) Importer(815301076,1909f56bfc062723c751e8b465ee728b)  -> (artifact id: 'c619a4b8d3d1d48d3928133b7c7d853e') in 0.006293 seconds
  Import took 0.047672 seconds .

========================================================================
Received Prepare
Registering precompiled user dll's ...
Registered in 0.001896 seconds.
Begin MonoManager ReloadAssembly
Native extension for WindowsStandalone target not found
Refreshing native plugins compatible for Editor in 0.45 ms, found 1 plugins.
Preloading 0 native plugins for Editor in 0.00 ms.
Invoked RoslynAnalysisRunner static constructor.
RoslynAnalysisRunner will not be running.
RoslynAnalysisRunner has terminated.
Mono: successfully reloaded assembly
- Completed reload, in  1.526 seconds
Platform modules already initialized, skipping
Refreshing native plugins compatible for Editor in 0.68 ms, found 1 plugins.
Preloading 0 native plugins for Editor in 0.00 ms.
Unloading 1937 Unused Serialized files (Serialized files now loaded: 0)
System memory in use before: 92.9 MB.
System memory in use after: 93.0 MB.

Unloading 11 unused Assets to reduce memory usage. Loaded Objects now: 2476.
Total: 6.650700 ms (FindLiveObjects: 0.335900 ms CreateObjectMapping: 0.116800 ms MarkObjects: 6.123600 ms  DeleteObjects: 0.071900 ms)

========================================================================
Received Prepare
Registering precompiled user dll's ...
Registered in 0.001594 seconds.
Begin MonoManager ReloadAssembly
Native extension for WindowsStandalone target not found
Refreshing native plugins compatible for Editor in 0.51 ms, found 1 plugins.
Preloading 0 native plugins for Editor in 0.00 ms.
Invoked RoslynAnalysisRunner static constructor.
RoslynAnalysisRunner will not be running.
RoslynAnalysisRunner has terminated.
Mono: successfully reloaded assembly
- Completed reload, in  1.144 seconds
Platform modules already initialized, skipping
Refreshing native plugins compatible for Editor in 0.81 ms, found 1 plugins.
Preloading 0 native plugins for Editor in 0.00 ms.
Unloading 1937 Unused Serialized files (Serialized files now loaded: 0)
System memory in use before: 92.9 MB.
System memory in use after: 93.0 MB.

Unloading 9 unused Assets to reduce memory usage. Loaded Objects now: 2478.
Total: 3.734800 ms (FindLiveObjects: 0.523700 ms CreateObjectMapping: 0.126900 ms MarkObjects: 3.047600 ms  DeleteObjects: 0.033100 ms)

========================================================================
Received Import Request.
  Time since last request: 296.414551 seconds.
  path: Assets/Scenes/Level 2.unity
  artifactKey: Guid(2e2b73ed77405fc4c8ebef47a1c7516e) Importer(815301076,1909f56bfc062723c751e8b465ee728b)
Start importing Assets/Scenes/Level 2.unity using Guid(2e2b73ed77405fc4c8ebef47a1c7516e) Importer(815301076,1909f56bfc062723c751e8b465ee728b)  -> (artifact id: '931190e89141978d9662844f131290fd') in 0.015708 seconds
  Import took 0.022245 seconds .

========================================================================
Received Import Request.
  Time since last request: 0.048473 seconds.
  path: Assets/Scenes/Level 2.unity
  artifactKey: Guid(2e2b73ed77405fc4c8ebef47a1c7516e) Importer(815301076,1909f56bfc062723c751e8b465ee728b)
Start importing Assets/Scenes/Level 2.unity using Guid(2e2b73ed77405fc4c8ebef47a1c7516e) Importer(815301076,1909f56bfc062723c751e8b465ee728b)  -> (artifact id: '931190e89141978d9662844f131290fd') in 0.004117 seconds
  Import took 0.009833 seconds .

========================================================================
Received Prepare
Registering precompiled user dll's ...
Registered in 0.001132 seconds.
Begin MonoManager ReloadAssembly
Native extension for WindowsStandalone target not found
Refreshing native plugins compatible for Editor in 1.37 ms, found 1 plugins.
Preloading 0 native plugins for Editor in 0.00 ms.
Invoked RoslynAnalysisRunner static constructor.
RoslynAnalysisRunner will not be running.
RoslynAnalysisRunner has terminated.
Mono: successfully reloaded assembly
- Completed reload, in  1.773 seconds
Platform modules already initialized, skipping
Refreshing native plugins compatible for Editor in 0.78 ms, found 1 plugins.
Preloading 0 native plugins for Editor in 0.00 ms.
Unloading 1937 Unused Serialized files (Serialized files now loaded: 0)
System memory in use before: 92.9 MB.
System memory in use after: 93.0 MB.

Unloading 9 unused Assets to reduce memory usage. Loaded Objects now: 2480.
Total: 3.922300 ms (FindLiveObjects: 0.323000 ms CreateObjectMapping: 0.096800 ms MarkObjects: 3.476600 ms  DeleteObjects: 0.024400 ms)

========================================================================
Received Import Request.
  Time since last request: 139.182241 seconds.
  path: Assets/Prefabs/Camera Setup.prefab
  artifactKey: Guid(c7a64a7dab8a19641969972ec7a06ed5) Importer(815301076,1909f56bfc062723c751e8b465ee728b)
Start importing Assets/Prefabs/Camera Setup.prefab using Guid(c7a64a7dab8a19641969972ec7a06ed5) Importer(815301076,1909f56bfc062723c751e8b465ee728b)  -> (artifact id: '0bd0b62a04fdc859cdfae3d24d19f28b') in 0.082823 seconds
  Import took 0.088887 seconds .

========================================================================
Received Import Request.
  Time since last request: 0.001660 seconds.
  path: Assets/Prefabs/Camera Setup.prefab
  artifactKey: Guid(c7a64a7dab8a19641969972ec7a06ed5) Importer(815301076,1909f56bfc062723c751e8b465ee728b)
Start importing Assets/Prefabs/Camera Setup.prefab using Guid(c7a64a7dab8a19641969972ec7a06ed5) Importer(815301076,1909f56bfc062723c751e8b465ee728b)  -> (artifact id: '0bd0b62a04fdc859cdfae3d24d19f28b') in 0.009923 seconds
  Import took 0.016087 seconds .

========================================================================
Received Import Request.
  Time since last request: 56.497486 seconds.
  path: Assets/Prefabs/Camera Setup.prefab
  artifactKey: Guid(c7a64a7dab8a19641969972ec7a06ed5) Importer(815301076,1909f56bfc062723c751e8b465ee728b)
Start importing Assets/Prefabs/Camera Setup.prefab using Guid(c7a64a7dab8a19641969972ec7a06ed5) Importer(815301076,1909f56bfc062723c751e8b465ee728b)  -> (artifact id: 'ae9a55950184a3b37be9bdc16dd6f816') in 0.026787 seconds
  Import took 0.033151 seconds .

========================================================================
Received Import Request.
  Time since last request: 9.079918 seconds.
  path: Assets/Prefabs/Camera Setup.prefab
  artifactKey: Guid(c7a64a7dab8a19641969972ec7a06ed5) Importer(815301076,1909f56bfc062723c751e8b465ee728b)
Start importing Assets/Prefabs/Camera Setup.prefab using Guid(c7a64a7dab8a19641969972ec7a06ed5) Importer(815301076,1909f56bfc062723c751e8b465ee728b)  -> (artifact id: 'f5ec6682e75caee4dd44f4ced0950af3') in 0.013506 seconds
  Import took 0.019472 seconds .

========================================================================
Received Prepare
Registering precompiled user dll's ...
Registered in 0.001177 seconds.
Begin MonoManager ReloadAssembly
Native extension for WindowsStandalone target not found
Refreshing native plugins compatible for Editor in 0.41 ms, found 1 plugins.
Preloading 0 native plugins for Editor in 0.00 ms.
Invoked RoslynAnalysisRunner static constructor.
RoslynAnalysisRunner will not be running.
RoslynAnalysisRunner has terminated.
Mono: successfully reloaded assembly
- Completed reload, in  1.145 seconds
Platform modules already initialized, skipping
Refreshing native plugins compatible for Editor in 1.01 ms, found 1 plugins.
Preloading 0 native plugins for Editor in 0.00 ms.
Unloading 1937 Unused Serialized files (Serialized files now loaded: 0)
System memory in use before: 92.8 MB.
System memory in use after: 93.0 MB.

Unloading 9 unused Assets to reduce memory usage. Loaded Objects now: 2482.
Total: 3.703800 ms (FindLiveObjects: 0.224300 ms CreateObjectMapping: 0.104300 ms MarkObjects: 3.347200 ms  DeleteObjects: 0.026500 ms)

========================================================================
Received Import Request.
  Time since last request: 74.873198 seconds.
  path: Assets/Scenes/Level 2.unity
  artifactKey: Guid(2e2b73ed77405fc4c8ebef47a1c7516e) Importer(815301076,1909f56bfc062723c751e8b465ee728b)
Start importing Assets/Scenes/Level 2.unity using Guid(2e2b73ed77405fc4c8ebef47a1c7516e) Importer(815301076,1909f56bfc062723c751e8b465ee728b)  -> (artifact id: 'f5ce6e132441882f9db559d4965e71b6') in 0.022663 seconds
  Import took 0.030717 seconds .

========================================================================
Received Prepare
Registering precompiled user dll's ...
Registered in 0.001231 seconds.
Begin MonoManager ReloadAssembly
Native extension for WindowsStandalone target not found
Refreshing native plugins compatible for Editor in 0.42 ms, found 1 plugins.
Preloading 0 native plugins for Editor in 0.00 ms.
Invoked RoslynAnalysisRunner static constructor.
RoslynAnalysisRunner will not be running.
RoslynAnalysisRunner has terminated.
Mono: successfully reloaded assembly
- Completed reload, in  1.324 seconds
Platform modules already initialized, skipping
Refreshing native plugins compatible for Editor in 0.46 ms, found 1 plugins.
Preloading 0 native plugins for Editor in 0.00 ms.
Unloading 1937 Unused Serialized files (Serialized files now loaded: 0)
System memory in use before: 92.9 MB.
System memory in use after: 93.0 MB.

Unloading 9 unused Assets to reduce memory usage. Loaded Objects now: 2484.
Total: 4.735200 ms (FindLiveObjects: 0.353300 ms CreateObjectMapping: 0.126300 ms MarkObjects: 4.223600 ms  DeleteObjects: 0.029800 ms)

========================================================================
Received Prepare
Registering precompiled user dll's ...
Registered in 0.001293 seconds.
Begin MonoManager ReloadAssembly
Native extension for WindowsStandalone target not found
Refreshing native plugins compatible for Editor in 0.47 ms, found 1 plugins.
Preloading 0 native plugins for Editor in 0.00 ms.
Invoked RoslynAnalysisRunner static constructor.
RoslynAnalysisRunner will not be running.
RoslynAnalysisRunner has terminated.
Mono: successfully reloaded assembly
- Completed reload, in  1.368 seconds
Platform modules already initialized, skipping
Refreshing native plugins compatible for Editor in 0.46 ms, found 1 plugins.
Preloading 0 native plugins for Editor in 0.00 ms.
Unloading 1937 Unused Serialized files (Serialized files now loaded: 0)
System memory in use before: 92.9 MB.
System memory in use after: 93.0 MB.

Unloading 9 unused Assets to reduce memory usage. Loaded Objects now: 2486.
Total: 3.892600 ms (FindLiveObjects: 0.401500 ms CreateObjectMapping: 0.152400 ms MarkObjects: 3.310900 ms  DeleteObjects: 0.026000 ms)

========================================================================
Received Prepare
Registering precompiled user dll's ...
Registered in 0.001828 seconds.
Begin MonoManager ReloadAssembly
Native extension for WindowsStandalone target not found
Refreshing native plugins compatible for Editor in 0.75 ms, found 1 plugins.
Preloading 0 native plugins for Editor in 0.00 ms.
Invoked RoslynAnalysisRunner static constructor.
RoslynAnalysisRunner will not be running.
RoslynAnalysisRunner has terminated.
Mono: successfully reloaded assembly
- Completed reload, in  2.472 seconds
Platform modules already initialized, skipping
Refreshing native plugins compatible for Editor in 0.95 ms, found 1 plugins.
Preloading 0 native plugins for Editor in 0.00 ms.
Unloading 1937 Unused Serialized files (Serialized files now loaded: 0)
System memory in use before: 92.9 MB.
System memory in use after: 93.0 MB.

Unloading 9 unused Assets to reduce memory usage. Loaded Objects now: 2488.
Total: 12.560800 ms (FindLiveObjects: 1.301600 ms CreateObjectMapping: 0.158400 ms MarkObjects: 11.068600 ms  DeleteObjects: 0.030000 ms)

========================================================================
Received Prepare
Registering precompiled user dll's ...
Registered in 0.001205 seconds.
Begin MonoManager ReloadAssembly
Native extension for WindowsStandalone target not found
Refreshing native plugins compatible for Editor in 0.43 ms, found 1 plugins.
Preloading 0 native plugins for Editor in 0.00 ms.
Invoked RoslynAnalysisRunner static constructor.
RoslynAnalysisRunner will not be running.
RoslynAnalysisRunner has terminated.
Mono: successfully reloaded assembly
- Completed reload, in  1.095 seconds
Platform modules already initialized, skipping
Refreshing native plugins compatible for Editor in 0.87 ms, found 1 plugins.
Preloading 0 native plugins for Editor in 0.00 ms.
Unloading 1937 Unused Serialized files (Serialized files now loaded: 0)
System memory in use before: 92.9 MB.
System memory in use after: 93.0 MB.

Unloading 9 unused Assets to reduce memory usage. Loaded Objects now: 2490.
Total: 3.319200 ms (FindLiveObjects: 0.396300 ms CreateObjectMapping: 0.151600 ms MarkObjects: 2.739500 ms  DeleteObjects: 0.029500 ms)

========================================================================
Received Prepare
Registering precompiled user dll's ...
Registered in 0.001117 seconds.
Begin MonoManager ReloadAssembly
Native extension for WindowsStandalone target not found
Refreshing native plugins compatible for Editor in 0.45 ms, found 1 plugins.
Preloading 0 native plugins for Editor in 0.00 ms.
Invoked RoslynAnalysisRunner static constructor.
RoslynAnalysisRunner will not be running.
RoslynAnalysisRunner has terminated.
Mono: successfully reloaded assembly
- Completed reload, in  1.305 seconds
Platform modules already initialized, skipping
Refreshing native plugins compatible for Editor in 0.83 ms, found 1 plugins.
Preloading 0 native plugins for Editor in 0.00 ms.
Unloading 1937 Unused Serialized files (Serialized files now loaded: 0)
System memory in use before: 92.9 MB.
System memory in use after: 93.0 MB.

Unloading 9 unused Assets to reduce memory usage. Loaded Objects now: 2492.
Total: 3.449400 ms (FindLiveObjects: 0.251200 ms CreateObjectMapping: 0.092200 ms MarkObjects: 3.079700 ms  DeleteObjects: 0.024400 ms)

========================================================================
Received Prepare
Registering precompiled user dll's ...
Registered in 0.001625 seconds.
Begin MonoManager ReloadAssembly
Native extension for WindowsStandalone target not found
Refreshing native plugins compatible for Editor in 0.46 ms, found 1 plugins.
Preloading 0 native plugins for Editor in 0.00 ms.
Invoked RoslynAnalysisRunner static constructor.
RoslynAnalysisRunner will not be running.
RoslynAnalysisRunner has terminated.
Mono: successfully reloaded assembly
- Completed reload, in  1.393 seconds
Platform modules already initialized, skipping
Refreshing native plugins compatible for Editor in 0.70 ms, found 1 plugins.
Preloading 0 native plugins for Editor in 0.00 ms.
Unloading 1937 Unused Serialized files (Serialized files now loaded: 0)
System memory in use before: 92.9 MB.
System memory in use after: 93.0 MB.

Unloading 9 unused Assets to reduce memory usage. Loaded Objects now: 2494.
Total: 5.924700 ms (FindLiveObjects: 0.428900 ms CreateObjectMapping: 0.122700 ms MarkObjects: 5.338900 ms  DeleteObjects: 0.031700 ms)

========================================================================
Received Prepare
Registering precompiled user dll's ...
Registered in 0.001618 seconds.
Begin MonoManager ReloadAssembly
Native extension for WindowsStandalone target not found
Refreshing native plugins compatible for Editor in 0.73 ms, found 1 plugins.
Preloading 0 native plugins for Editor in 0.00 ms.
Invoked RoslynAnalysisRunner static constructor.
RoslynAnalysisRunner will not be running.
RoslynAnalysisRunner has terminated.
Mono: successfully reloaded assembly
- Completed reload, in  1.293 seconds
Platform modules already initialized, skipping
Refreshing native plugins compatible for Editor in 1.19 ms, found 1 plugins.
Preloading 0 native plugins for Editor in 0.00 ms.
Unloading 1937 Unused Serialized files (Serialized files now loaded: 0)
System memory in use before: 92.9 MB.
System memory in use after: 93.0 MB.

Unloading 9 unused Assets to reduce memory usage. Loaded Objects now: 2496.
Total: 4.441900 ms (FindLiveObjects: 0.555100 ms CreateObjectMapping: 0.173600 ms MarkObjects: 3.680200 ms  DeleteObjects: 0.031000 ms)

========================================================================
Received Prepare
Registering precompiled user dll's ...
Registered in 0.001566 seconds.
Begin MonoManager ReloadAssembly
Native extension for WindowsStandalone target not found
Refreshing native plugins compatible for Editor in 0.44 ms, found 1 plugins.
Preloading 0 native plugins for Editor in 0.00 ms.
Invoked RoslynAnalysisRunner static constructor.
RoslynAnalysisRunner will not be running.
RoslynAnalysisRunner has terminated.
Mono: successfully reloaded assembly
- Completed reload, in  1.333 seconds
Platform modules already initialized, skipping
Refreshing native plugins compatible for Editor in 0.72 ms, found 1 plugins.
Preloading 0 native plugins for Editor in 0.00 ms.
Unloading 1937 Unused Serialized files (Serialized files now loaded: 0)
System memory in use before: 92.9 MB.
System memory in use after: 93.0 MB.

Unloading 9 unused Assets to reduce memory usage. Loaded Objects now: 2498.
Total: 3.383700 ms (FindLiveObjects: 0.509600 ms CreateObjectMapping: 0.143600 ms MarkObjects: 2.703700 ms  DeleteObjects: 0.024700 ms)

========================================================================
Received Prepare
Registering precompiled user dll's ...
Registered in 0.001362 seconds.
Begin MonoManager ReloadAssembly
Native extension for WindowsStandalone target not found
Refreshing native plugins compatible for Editor in 0.46 ms, found 1 plugins.
Preloading 0 native plugins for Editor in 0.00 ms.
Invoked RoslynAnalysisRunner static constructor.
RoslynAnalysisRunner will not be running.
RoslynAnalysisRunner has terminated.
Mono: successfully reloaded assembly
- Completed reload, in  1.058 seconds
Platform modules already initialized, skipping
Refreshing native plugins compatible for Editor in 0.66 ms, found 1 plugins.
Preloading 0 native plugins for Editor in 0.00 ms.
Unloading 1937 Unused Serialized files (Serialized files now loaded: 0)
System memory in use before: 92.9 MB.
System memory in use after: 93.0 MB.

Unloading 9 unused Assets to reduce memory usage. Loaded Objects now: 2500.
Total: 2.770600 ms (FindLiveObjects: 0.337600 ms CreateObjectMapping: 0.123900 ms MarkObjects: 2.278800 ms  DeleteObjects: 0.027500 ms)

========================================================================
Received Import Request.
  Time since last request: 480.113941 seconds.
  path: Assets/Scenes/SampleScene.unity
  artifactKey: Guid(75e8e090994a598498bcbfb4425e3a35) Importer(815301076,1909f56bfc062723c751e8b465ee728b)
Start importing Assets/Scenes/SampleScene.unity using Guid(75e8e090994a598498bcbfb4425e3a35) Importer(815301076,1909f56bfc062723c751e8b465ee728b)  -> (artifact id: 'abd42e9eb2a3540b46dcba829b31f68d') in 0.018510 seconds
  Import took 0.023923 seconds .

========================================================================
Received Prepare
Registering precompiled user dll's ...
Registered in 0.001563 seconds.
Begin MonoManager ReloadAssembly
Native extension for WindowsStandalone target not found
Refreshing native plugins compatible for Editor in 0.45 ms, found 1 plugins.
Preloading 0 native plugins for Editor in 0.00 ms.
Invoked RoslynAnalysisRunner static constructor.
RoslynAnalysisRunner will not be running.
RoslynAnalysisRunner has terminated.
Mono: successfully reloaded assembly
- Completed reload, in  1.404 seconds
Platform modules already initialized, skipping
Refreshing native plugins compatible for Editor in 0.97 ms, found 1 plugins.
Preloading 0 native plugins for Editor in 0.00 ms.
Unloading 1937 Unused Serialized files (Serialized files now loaded: 0)
System memory in use before: 92.9 MB.
System memory in use after: 93.0 MB.

Unloading 9 unused Assets to reduce memory usage. Loaded Objects now: 2502.
Total: 6.091300 ms (FindLiveObjects: 0.358100 ms CreateObjectMapping: 0.131900 ms MarkObjects: 5.569500 ms  DeleteObjects: 0.029600 ms)

========================================================================
Received Prepare
Registering precompiled user dll's ...
Registered in 0.001102 seconds.
Begin MonoManager ReloadAssembly
Native extension for WindowsStandalone target not found
Refreshing native plugins compatible for Editor in 0.41 ms, found 1 plugins.
Preloading 0 native plugins for Editor in 0.00 ms.
Invoked RoslynAnalysisRunner static constructor.
RoslynAnalysisRunner will not be running.
RoslynAnalysisRunner has terminated.
Mono: successfully reloaded assembly
- Completed reload, in  1.105 seconds
Platform modules already initialized, skipping
Refreshing native plugins compatible for Editor in 0.45 ms, found 1 plugins.
Preloading 0 native plugins for Editor in 0.00 ms.
Unloading 1937 Unused Serialized files (Serialized files now loaded: 0)
System memory in use before: 92.9 MB.
System memory in use after: 93.1 MB.

Unloading 9 unused Assets to reduce memory usage. Loaded Objects now: 2504.
Total: 3.326400 ms (FindLiveObjects: 0.262700 ms CreateObjectMapping: 0.098500 ms MarkObjects: 2.932700 ms  DeleteObjects: 0.030000 ms)

========================================================================
Received Import Request.
  Time since last request: 468.933718 seconds.
  path: Assets/Prefabs/Summer Ground.prefab
  artifactKey: Guid(f2d6732fb9e392c42880a4ee24c74558) Importer(815301076,1909f56bfc062723c751e8b465ee728b)
Start importing Assets/Prefabs/Summer Ground.prefab using Guid(f2d6732fb9e392c42880a4ee24c74558) Importer(815301076,1909f56bfc062723c751e8b465ee728b)  -> (artifact id: '143e12d771f58d0008955b6a2b5ae889') in 0.129108 seconds
  Import took 0.136987 seconds .

========================================================================
Received Import Request.
  Time since last request: 59.955825 seconds.
  path: Assets/Prefabs/MonsterPurpleOpen (2).prefab
  artifactKey: Guid(03f9c436192f96647a7ff5c27d5def7d) Importer(815301076,1909f56bfc062723c751e8b465ee728b)
Start importing Assets/Prefabs/MonsterPurpleOpen (2).prefab using Guid(03f9c436192f96647a7ff5c27d5def7d) Importer(815301076,1909f56bfc062723c751e8b465ee728b)  -> (artifact id: 'ba56544eff35027691f0a89c838d1ae0') in 0.042992 seconds
  Import took 0.049312 seconds .

========================================================================
Received Import Request.
  Time since last request: 0.017230 seconds.
  path: Assets/Prefabs/MonsterPurpleOpen (2).prefab
  artifactKey: Guid(03f9c436192f96647a7ff5c27d5def7d) Importer(815301076,1909f56bfc062723c751e8b465ee728b)
Start importing Assets/Prefabs/MonsterPurpleOpen (2).prefab using Guid(03f9c436192f96647a7ff5c27d5def7d) Importer(815301076,1909f56bfc062723c751e8b465ee728b)  -> (artifact id: 'ba56544eff35027691f0a89c838d1ae0') in 0.016810 seconds
  Import took 0.023592 seconds .

========================================================================
Received Prepare
Registering precompiled user dll's ...
Registered in 0.001642 seconds.
Begin MonoManager ReloadAssembly
Native extension for WindowsStandalone target not found
Refreshing native plugins compatible for Editor in 0.43 ms, found 1 plugins.
Preloading 0 native plugins for Editor in 0.00 ms.
Invoked RoslynAnalysisRunner static constructor.
RoslynAnalysisRunner will not be running.
RoslynAnalysisRunner has terminated.
Mono: successfully reloaded assembly
- Completed reload, in  1.265 seconds
Platform modules already initialized, skipping
Refreshing native plugins compatible for Editor in 0.69 ms, found 1 plugins.
Preloading 0 native plugins for Editor in 0.00 ms.
Unloading 1937 Unused Serialized files (Serialized files now loaded: 0)
System memory in use before: 93.0 MB.
System memory in use after: 93.1 MB.

Unloading 11 unused Assets to reduce memory usage. Loaded Objects now: 2507.
Total: 4.394000 ms (FindLiveObjects: 0.376000 ms CreateObjectMapping: 0.122200 ms MarkObjects: 3.820300 ms  DeleteObjects: 0.073100 ms)

========================================================================
Received Prepare
Registering precompiled user dll's ...
Registered in 0.001668 seconds.
Begin MonoManager ReloadAssembly
Native extension for WindowsStandalone target not found
Refreshing native plugins compatible for Editor in 0.40 ms, found 1 plugins.
Preloading 0 native plugins for Editor in 0.00 ms.
Invoked RoslynAnalysisRunner static constructor.
RoslynAnalysisRunner will not be running.
RoslynAnalysisRunner has terminated.
Mono: successfully reloaded assembly
- Completed reload, in  1.084 seconds
Platform modules already initialized, skipping
Refreshing native plugins compatible for Editor in 0.90 ms, found 1 plugins.
Preloading 0 native plugins for Editor in 0.00 ms.
Unloading 1937 Unused Serialized files (Serialized files now loaded: 0)
System memory in use before: 93.0 MB.
System memory in use after: 93.1 MB.

Unloading 9 unused Assets to reduce memory usage. Loaded Objects now: 2509.
Total: 2.808800 ms (FindLiveObjects: 0.333100 ms CreateObjectMapping: 0.107900 ms MarkObjects: 2.342900 ms  DeleteObjects: 0.022800 ms)

========================================================================
Received Import Request.
  Time since last request: 317.627884 seconds.
  path: Assets/Scenes/Level 2.unity
  artifactKey: Guid(2e2b73ed77405fc4c8ebef47a1c7516e) Importer(815301076,1909f56bfc062723c751e8b465ee728b)
Start importing Assets/Scenes/Level 2.unity using Guid(2e2b73ed77405fc4c8ebef47a1c7516e) Importer(815301076,1909f56bfc062723c751e8b465ee728b)  -> (artifact id: 'f356221b3d5875ff20b3050439e89988') in 0.021782 seconds
  Import took 0.028392 seconds .

========================================================================
Received Import Request.
  Time since last request: 270.666263 seconds.
  path: Assets/Scenes/SampleScene.unity
  artifactKey: Guid(75e8e090994a598498bcbfb4425e3a35) Importer(815301076,1909f56bfc062723c751e8b465ee728b)
Start importing Assets/Scenes/SampleScene.unity using Guid(75e8e090994a598498bcbfb4425e3a35) Importer(815301076,1909f56bfc062723c751e8b465ee728b)  -> (artifact id: 'dceb6829791e73c6df0bcb3644c5246d') in 0.007489 seconds
  Import took 0.013252 seconds .

========================================================================
Received Prepare
Registering precompiled user dll's ...
Registered in 0.002046 seconds.
Begin MonoManager ReloadAssembly
Native extension for WindowsStandalone target not found
Refreshing native plugins compatible for Editor in 0.44 ms, found 1 plugins.
Preloading 0 native plugins for Editor in 0.00 ms.
Invoked RoslynAnalysisRunner static constructor.
RoslynAnalysisRunner will not be running.
RoslynAnalysisRunner has terminated.
Mono: successfully reloaded assembly
- Completed reload, in  1.055 seconds
Platform modules already initialized, skipping
Refreshing native plugins compatible for Editor in 0.45 ms, found 1 plugins.
Preloading 0 native plugins for Editor in 0.00 ms.
Unloading 1937 Unused Serialized files (Serialized files now loaded: 0)
System memory in use before: 93.0 MB.
System memory in use after: 93.1 MB.

Unloading 9 unused Assets to reduce memory usage. Loaded Objects now: 2511.
Total: 3.778400 ms (FindLiveObjects: 0.372500 ms CreateObjectMapping: 0.150900 ms MarkObjects: 3.222300 ms  DeleteObjects: 0.030500 ms)

AssetImportWorkerClient::OnTransportError - code=2 error=End of file
